{"/Users/chendol/Native/OCBC/App.tsx": {"path":"/Users/chendol/Native/OCBC/App.tsx","statementMap":{"0":{"start":{"line":31,"column":14},"end":{"line":31,"column":36}},"1":{"start":{"line":33,"column":2},"end":{"line":63,"column":4}}},"fnMap":{"0":{"name":"App","decl":{"start":{"line":32,"column":24},"end":{"line":32,"column":27}},"loc":{"start":{"line":32,"column":30},"end":{"line":64,"column":1}},"line":32}},"branchMap":{},"s":{"0":1,"1":0},"f":{"0":0},"b":{},"_coverageSchema":"1a1c01bbd47fc00a2c39e90264f33305004495a9","hash":"079db9b778dcfc55edab3c41a09890149f62975c"}
,"/Users/chendol/Native/OCBC/src/styles.tsx": {"path":"/Users/chendol/Native/OCBC/src/styles.tsx","statementMap":{"0":{"start":{"line":3,"column":0},"end":{"line":266,"column":3}}},"fnMap":{},"branchMap":{},"s":{"0":1},"f":{},"b":{},"_coverageSchema":"1a1c01bbd47fc00a2c39e90264f33305004495a9","hash":"849d0981574946bbf8c79d1278d116f7b1363f0a"}
,"/Users/chendol/Native/OCBC/src/Components/Card.tsx": {"path":"/Users/chendol/Native/OCBC/src/Components/Card.tsx","statementMap":{"0":{"start":{"line":4,"column":15},"end":{"line":4,"column":35}},"1":{"start":{"line":22,"column":15},"end":{"line":22,"column":57}},"2":{"start":{"line":23,"column":2},"end":{"line":44,"column":4}}},"fnMap":{"0":{"name":"Card","decl":{"start":{"line":15,"column":24},"end":{"line":15,"column":28}},"loc":{"start":{"line":21,"column":9},"end":{"line":45,"column":1}},"line":21}},"branchMap":{"0":{"loc":{"start":{"line":32,"column":11},"end":{"line":40,"column":11}},"type":"cond-expr","locations":[{"start":{"line":33,"column":12},"end":{"line":35,"column":19}},{"start":{"line":37,"column":12},"end":{"line":39,"column":19}}],"line":32}},"s":{"0":1,"1":0,"2":0},"f":{"0":0},"b":{"0":[0,0]},"_coverageSchema":"1a1c01bbd47fc00a2c39e90264f33305004495a9","hash":"6b6859f07706d4f94e167f9d6299e9cd3711dfac"}
,"/Users/chendol/Native/OCBC/src/Components/Curve.tsx": {"path":"/Users/chendol/Native/OCBC/src/Components/Curve.tsx","statementMap":{"0":{"start":{"line":7,"column":22},"end":{"line":7,"column":52}},"1":{"start":{"line":8,"column":2},"end":{"line":26,"column":4}},"2":{"start":{"line":29,"column":15},"end":{"line":35,"column":2}}},"fnMap":{"0":{"name":"Curve","decl":{"start":{"line":5,"column":24},"end":{"line":5,"column":29}},"loc":{"start":{"line":5,"column":66},"end":{"line":27,"column":1}},"line":5}},"branchMap":{"0":{"loc":{"start":{"line":5,"column":31},"end":{"line":5,"column":45}},"type":"default-arg","locations":[{"start":{"line":5,"column":39},"end":{"line":5,"column":45}}],"line":5}},"s":{"0":3,"1":3,"2":1},"f":{"0":3},"b":{"0":[3]},"_coverageSchema":"1a1c01bbd47fc00a2c39e90264f33305004495a9","hash":"b94a7fd9f5835597feb594be713e64d60bf542f0"}
,"/Users/chendol/Native/OCBC/src/Components/CurveBottom.tsx": {"path":"/Users/chendol/Native/OCBC/src/Components/CurveBottom.tsx","statementMap":{"0":{"start":{"line":7,"column":22},"end":{"line":7,"column":52}},"1":{"start":{"line":8,"column":2},"end":{"line":26,"column":4}},"2":{"start":{"line":29,"column":15},"end":{"line":36,"column":2}}},"fnMap":{"0":{"name":"CurveBottom","decl":{"start":{"line":5,"column":24},"end":{"line":5,"column":35}},"loc":{"start":{"line":5,"column":72},"end":{"line":27,"column":1}},"line":5}},"branchMap":{"0":{"loc":{"start":{"line":5,"column":37},"end":{"line":5,"column":51}},"type":"default-arg","locations":[{"start":{"line":5,"column":45},"end":{"line":5,"column":51}}],"line":5}},"s":{"0":3,"1":3,"2":1},"f":{"0":3},"b":{"0":[3]},"_coverageSchema":"1a1c01bbd47fc00a2c39e90264f33305004495a9","hash":"3fe7535885b7591b4a328022662f66b1e4a3b578"}
,"/Users/chendol/Native/OCBC/src/Components/Dropdown.js": {"path":"/Users/chendol/Native/OCBC/src/Components/Dropdown.js","statementMap":{"0":{"start":{"line":12,"column":17},"end":{"line":72,"column":1}},"1":{"start":{"line":13,"column":25},"end":{"line":13,"column":33}},"2":{"start":{"line":14,"column":32},"end":{"line":14,"column":47}},"3":{"start":{"line":15,"column":34},"end":{"line":15,"column":53}},"4":{"start":{"line":16,"column":40},"end":{"line":16,"column":51}},"5":{"start":{"line":18,"column":25},"end":{"line":20,"column":3}},"6":{"start":{"line":19,"column":4},"end":{"line":19,"column":49}},"7":{"start":{"line":22,"column":23},"end":{"line":27,"column":3}},"8":{"start":{"line":23,"column":4},"end":{"line":25,"column":7}},"9":{"start":{"line":24,"column":6},"end":{"line":24,"column":29}},"10":{"start":{"line":26,"column":4},"end":{"line":26,"column":21}},"11":{"start":{"line":29,"column":22},"end":{"line":33,"column":3}},"12":{"start":{"line":30,"column":4},"end":{"line":30,"column":22}},"13":{"start":{"line":31,"column":4},"end":{"line":31,"column":19}},"14":{"start":{"line":32,"column":4},"end":{"line":32,"column":22}},"15":{"start":{"line":35,"column":21},"end":{"line":40,"column":3}},"16":{"start":{"line":36,"column":4},"end":{"line":39,"column":23}},"17":{"start":{"line":36,"column":57},"end":{"line":36,"column":74}},"18":{"start":{"line":42,"column":25},"end":{"line":58,"column":3}},"19":{"start":{"line":43,"column":4},"end":{"line":57,"column":6}},"20":{"start":{"line":47,"column":25},"end":{"line":47,"column":42}},"21":{"start":{"line":52,"column":45},"end":{"line":52,"column":61}},"22":{"start":{"line":60,"column":2},"end":{"line":71,"column":4}},"23":{"start":{"line":74,"column":15},"end":{"line":110,"column":2}}},"fnMap":{"0":{"name":"(anonymous_0)","decl":{"start":{"line":12,"column":17},"end":{"line":12,"column":18}},"loc":{"start":{"line":12,"column":45},"end":{"line":72,"column":1}},"line":12},"1":{"name":"(anonymous_1)","decl":{"start":{"line":18,"column":25},"end":{"line":18,"column":26}},"loc":{"start":{"line":18,"column":31},"end":{"line":20,"column":3}},"line":18},"2":{"name":"(anonymous_2)","decl":{"start":{"line":22,"column":23},"end":{"line":22,"column":24}},"loc":{"start":{"line":22,"column":29},"end":{"line":27,"column":3}},"line":22},"3":{"name":"(anonymous_3)","decl":{"start":{"line":23,"column":35},"end":{"line":23,"column":36}},"loc":{"start":{"line":23,"column":65},"end":{"line":25,"column":5}},"line":23},"4":{"name":"(anonymous_4)","decl":{"start":{"line":29,"column":22},"end":{"line":29,"column":23}},"loc":{"start":{"line":29,"column":30},"end":{"line":33,"column":3}},"line":29},"5":{"name":"(anonymous_5)","decl":{"start":{"line":35,"column":21},"end":{"line":35,"column":22}},"loc":{"start":{"line":36,"column":4},"end":{"line":39,"column":23}},"line":36},"6":{"name":"(anonymous_6)","decl":{"start":{"line":36,"column":51},"end":{"line":36,"column":52}},"loc":{"start":{"line":36,"column":57},"end":{"line":36,"column":74}},"line":36},"7":{"name":"(anonymous_7)","decl":{"start":{"line":42,"column":25},"end":{"line":42,"column":26}},"loc":{"start":{"line":42,"column":31},"end":{"line":58,"column":3}},"line":42},"8":{"name":"(anonymous_8)","decl":{"start":{"line":47,"column":19},"end":{"line":47,"column":20}},"loc":{"start":{"line":47,"column":25},"end":{"line":47,"column":42}},"line":47},"9":{"name":"(anonymous_9)","decl":{"start":{"line":52,"column":28},"end":{"line":52,"column":29}},"loc":{"start":{"line":52,"column":45},"end":{"line":52,"column":61}},"line":52}},"branchMap":{"0":{"loc":{"start":{"line":19,"column":4},"end":{"line":19,"column":48}},"type":"cond-expr","locations":[{"start":{"line":19,"column":14},"end":{"line":19,"column":31}},{"start":{"line":19,"column":34},"end":{"line":19,"column":48}}],"line":19},"1":{"loc":{"start":{"line":67,"column":9},"end":{"line":67,"column":44}},"type":"binary-expr","locations":[{"start":{"line":67,"column":10},"end":{"line":67,"column":18}},{"start":{"line":67,"column":22},"end":{"line":67,"column":35}},{"start":{"line":67,"column":40},"end":{"line":67,"column":44}}],"line":67}},"s":{"0":1,"1":0,"2":0,"3":0,"4":0,"5":0,"6":0,"7":0,"8":0,"9":0,"10":0,"11":0,"12":0,"13":0,"14":0,"15":0,"16":0,"17":0,"18":0,"19":0,"20":0,"21":0,"22":0,"23":1},"f":{"0":0,"1":0,"2":0,"3":0,"4":0,"5":0,"6":0,"7":0,"8":0,"9":0},"b":{"0":[0,0],"1":[0,0,0]},"_coverageSchema":"1a1c01bbd47fc00a2c39e90264f33305004495a9","hash":"548eb76cc8df2608486b68ab4d03eff4a52dbf5a"}
,"/Users/chendol/Native/OCBC/src/Components/FloatButton.tsx": {"path":"/Users/chendol/Native/OCBC/src/Components/FloatButton.tsx","statementMap":{"0":{"start":{"line":5,"column":15},"end":{"line":5,"column":35}},"1":{"start":{"line":18,"column":2},"end":{"line":30,"column":4}}},"fnMap":{"0":{"name":"FloatButton","decl":{"start":{"line":7,"column":24},"end":{"line":7,"column":35}},"loc":{"start":{"line":17,"column":3},"end":{"line":31,"column":1}},"line":17}},"branchMap":{"0":{"loc":{"start":{"line":10,"column":2},"end":{"line":10,"column":17}},"type":"default-arg","locations":[{"start":{"line":10,"column":12},"end":{"line":10,"column":17}}],"line":10},"1":{"loc":{"start":{"line":11,"column":2},"end":{"line":11,"column":16}},"type":"default-arg","locations":[{"start":{"line":11,"column":11},"end":{"line":11,"column":16}}],"line":11},"2":{"loc":{"start":{"line":22,"column":15},"end":{"line":22,"column":63}},"type":"cond-expr","locations":[{"start":{"line":22,"column":24},"end":{"line":22,"column":45}},{"start":{"line":22,"column":48},"end":{"line":22,"column":63}}],"line":22},"3":{"loc":{"start":{"line":26,"column":11},"end":{"line":26,"column":37}},"type":"cond-expr","locations":[{"start":{"line":26,"column":21},"end":{"line":26,"column":30}},{"start":{"line":26,"column":33},"end":{"line":26,"column":37}}],"line":26}},"s":{"0":1,"1":0},"f":{"0":0},"b":{"0":[0],"1":[0],"2":[0,0],"3":[0,0]},"_coverageSchema":"1a1c01bbd47fc00a2c39e90264f33305004495a9","hash":"7941d6d1c10e6bd41c73861ca16a00c69eb4b48b"}
,"/Users/chendol/Native/OCBC/src/Components/Login.tsx": {"path":"/Users/chendol/Native/OCBC/src/Components/Login.tsx","statementMap":{"0":{"start":{"line":16,"column":15},"end":{"line":16,"column":35}},"1":{"start":{"line":27,"column":21},"end":{"line":27,"column":58}},"2":{"start":{"line":28,"column":34},"end":{"line":28,"column":46}},"3":{"start":{"line":29,"column":34},"end":{"line":29,"column":46}},"4":{"start":{"line":30,"column":42},"end":{"line":30,"column":57}},"5":{"start":{"line":32,"column":32},"end":{"line":32,"column":47}},"6":{"start":{"line":33,"column":44},"end":{"line":33,"column":59}},"7":{"start":{"line":34,"column":44},"end":{"line":34,"column":59}},"8":{"start":{"line":36,"column":2},"end":{"line":42,"column":9}},"9":{"start":{"line":37,"column":4},"end":{"line":41,"column":7}},"10":{"start":{"line":38,"column":6},"end":{"line":40,"column":7}},"11":{"start":{"line":39,"column":8},"end":{"line":39,"column":40}},"12":{"start":{"line":44,"column":16},"end":{"line":92,"column":3}},"13":{"start":{"line":45,"column":4},"end":{"line":53,"column":5}},"14":{"start":{"line":46,"column":6},"end":{"line":48,"column":7}},"15":{"start":{"line":47,"column":8},"end":{"line":47,"column":31}},"16":{"start":{"line":49,"column":6},"end":{"line":51,"column":7}},"17":{"start":{"line":50,"column":8},"end":{"line":50,"column":31}},"18":{"start":{"line":52,"column":6},"end":{"line":52,"column":13}},"19":{"start":{"line":54,"column":4},"end":{"line":54,"column":28}},"20":{"start":{"line":55,"column":4},"end":{"line":55,"column":28}},"21":{"start":{"line":56,"column":4},"end":{"line":56,"column":21}},"22":{"start":{"line":57,"column":4},"end":{"line":91,"column":5}},"23":{"start":{"line":58,"column":24},"end":{"line":70,"column":7}},"24":{"start":{"line":72,"column":6},"end":{"line":86,"column":7}},"25":{"start":{"line":73,"column":20},"end":{"line":73,"column":42}},"26":{"start":{"line":74,"column":8},"end":{"line":74,"column":55}},"27":{"start":{"line":75,"column":8},"end":{"line":75,"column":57}},"28":{"start":{"line":76,"column":8},"end":{"line":76,"column":68}},"29":{"start":{"line":77,"column":8},"end":{"line":77,"column":24}},"30":{"start":{"line":78,"column":8},"end":{"line":78,"column":24}},"31":{"start":{"line":79,"column":8},"end":{"line":79,"column":26}},"32":{"start":{"line":80,"column":8},"end":{"line":80,"column":40}},"33":{"start":{"line":82,"column":8},"end":{"line":82,"column":26}},"34":{"start":{"line":83,"column":20},"end":{"line":83,"column":42}},"35":{"start":{"line":85,"column":8},"end":{"line":85,"column":75}},"36":{"start":{"line":88,"column":6},"end":{"line":88,"column":36}},"37":{"start":{"line":89,"column":6},"end":{"line":89,"column":24}},"38":{"start":{"line":90,"column":6},"end":{"line":90,"column":61}},"39":{"start":{"line":94,"column":2},"end":{"line":164,"column":4}},"40":{"start":{"line":108,"column":25},"end":{"line":108,"column":42}},"41":{"start":{"line":109,"column":24},"end":{"line":109,"column":42}},"42":{"start":{"line":111,"column":29},"end":{"line":111,"column":43}},"43":{"start":{"line":128,"column":45},"end":{"line":128,"column":75}},"44":{"start":{"line":138,"column":25},"end":{"line":138,"column":42}},"45":{"start":{"line":139,"column":24},"end":{"line":139,"column":42}},"46":{"start":{"line":141,"column":29},"end":{"line":141,"column":43}}},"fnMap":{"0":{"name":"Login","decl":{"start":{"line":18,"column":24},"end":{"line":18,"column":29}},"loc":{"start":{"line":26,"column":3},"end":{"line":165,"column":1}},"line":26},"1":{"name":"(anonymous_1)","decl":{"start":{"line":36,"column":12},"end":{"line":36,"column":13}},"loc":{"start":{"line":36,"column":18},"end":{"line":42,"column":3}},"line":36},"2":{"name":"(anonymous_2)","decl":{"start":{"line":37,"column":39},"end":{"line":37,"column":40}},"loc":{"start":{"line":37,"column":44},"end":{"line":41,"column":5}},"line":37},"3":{"name":"(anonymous_3)","decl":{"start":{"line":44,"column":16},"end":{"line":44,"column":17}},"loc":{"start":{"line":44,"column":28},"end":{"line":92,"column":3}},"line":44},"4":{"name":"(anonymous_4)","decl":{"start":{"line":108,"column":19},"end":{"line":108,"column":20}},"loc":{"start":{"line":108,"column":25},"end":{"line":108,"column":42}},"line":108},"5":{"name":"(anonymous_5)","decl":{"start":{"line":109,"column":18},"end":{"line":109,"column":19}},"loc":{"start":{"line":109,"column":24},"end":{"line":109,"column":42}},"line":109},"6":{"name":"(anonymous_6)","decl":{"start":{"line":111,"column":24},"end":{"line":111,"column":25}},"loc":{"start":{"line":111,"column":29},"end":{"line":111,"column":43}},"line":111},"7":{"name":"(anonymous_7)","decl":{"start":{"line":128,"column":39},"end":{"line":128,"column":40}},"loc":{"start":{"line":128,"column":45},"end":{"line":128,"column":75}},"line":128},"8":{"name":"(anonymous_8)","decl":{"start":{"line":138,"column":19},"end":{"line":138,"column":20}},"loc":{"start":{"line":138,"column":25},"end":{"line":138,"column":42}},"line":138},"9":{"name":"(anonymous_9)","decl":{"start":{"line":139,"column":18},"end":{"line":139,"column":19}},"loc":{"start":{"line":139,"column":24},"end":{"line":139,"column":42}},"line":139},"10":{"name":"(anonymous_10)","decl":{"start":{"line":141,"column":24},"end":{"line":141,"column":25}},"loc":{"start":{"line":141,"column":29},"end":{"line":141,"column":43}},"line":141}},"branchMap":{"0":{"loc":{"start":{"line":38,"column":6},"end":{"line":40,"column":7}},"type":"if","locations":[{"start":{"line":38,"column":6},"end":{"line":40,"column":7}},{"start":{},"end":{}}],"line":38},"1":{"loc":{"start":{"line":45,"column":4},"end":{"line":53,"column":5}},"type":"if","locations":[{"start":{"line":45,"column":4},"end":{"line":53,"column":5}},{"start":{},"end":{}}],"line":45},"2":{"loc":{"start":{"line":45,"column":8},"end":{"line":45,"column":30}},"type":"binary-expr","locations":[{"start":{"line":45,"column":8},"end":{"line":45,"column":17}},{"start":{"line":45,"column":21},"end":{"line":45,"column":30}}],"line":45},"3":{"loc":{"start":{"line":46,"column":6},"end":{"line":48,"column":7}},"type":"if","locations":[{"start":{"line":46,"column":6},"end":{"line":48,"column":7}},{"start":{},"end":{}}],"line":46},"4":{"loc":{"start":{"line":49,"column":6},"end":{"line":51,"column":7}},"type":"if","locations":[{"start":{"line":49,"column":6},"end":{"line":51,"column":7}},{"start":{},"end":{}}],"line":49},"5":{"loc":{"start":{"line":72,"column":6},"end":{"line":86,"column":7}},"type":"if","locations":[{"start":{"line":72,"column":6},"end":{"line":86,"column":7}},{"start":{"line":81,"column":13},"end":{"line":86,"column":7}}],"line":72},"6":{"loc":{"start":{"line":117,"column":9},"end":{"line":121,"column":9}},"type":"binary-expr","locations":[{"start":{"line":117,"column":9},"end":{"line":117,"column":22}},{"start":{"line":118,"column":10},"end":{"line":120,"column":17}}],"line":117},"7":{"loc":{"start":{"line":130,"column":22},"end":{"line":130,"column":54}},"type":"cond-expr","locations":[{"start":{"line":130,"column":37},"end":{"line":130,"column":42}},{"start":{"line":130,"column":45},"end":{"line":130,"column":54}}],"line":130},"8":{"loc":{"start":{"line":147,"column":9},"end":{"line":151,"column":9}},"type":"binary-expr","locations":[{"start":{"line":147,"column":9},"end":{"line":147,"column":22}},{"start":{"line":148,"column":10},"end":{"line":150,"column":17}}],"line":147},"9":{"loc":{"start":{"line":160,"column":42},"end":{"line":160,"column":70}},"type":"cond-expr","locations":[{"start":{"line":160,"column":52},"end":{"line":160,"column":61}},{"start":{"line":160,"column":64},"end":{"line":160,"column":70}}],"line":160}},"s":{"0":1,"1":4,"2":4,"3":4,"4":4,"5":4,"6":4,"7":4,"8":4,"9":3,"10":3,"11":0,"12":4,"13":1,"14":1,"15":1,"16":1,"17":1,"18":1,"19":0,"20":0,"21":0,"22":0,"23":0,"24":0,"25":0,"26":0,"27":0,"28":0,"29":0,"30":0,"31":0,"32":0,"33":0,"34":0,"35":0,"36":0,"37":0,"38":0,"39":4,"40":0,"41":0,"42":0,"43":0,"44":0,"45":0,"46":0},"f":{"0":4,"1":3,"2":3,"3":1,"4":0,"5":0,"6":0,"7":0,"8":0,"9":0,"10":0},"b":{"0":[0,3],"1":[1,0],"2":[1,0],"3":[1,0],"4":[1,0],"5":[0,0],"6":[4,1],"7":[0,4],"8":[4,1],"9":[0,4]},"_coverageSchema":"1a1c01bbd47fc00a2c39e90264f33305004495a9","hash":"937527ee3dbaec9f46e4f4d41c66df964e14fc33"}
,"/Users/chendol/Native/OCBC/src/Components/Register.tsx": {"path":"/Users/chendol/Native/OCBC/src/Components/Register.tsx","statementMap":{"0":{"start":{"line":14,"column":15},"end":{"line":14,"column":35}},"1":{"start":{"line":27,"column":21},"end":{"line":27,"column":58}},"2":{"start":{"line":29,"column":34},"end":{"line":29,"column":46}},"3":{"start":{"line":30,"column":34},"end":{"line":30,"column":46}},"4":{"start":{"line":31,"column":48},"end":{"line":31,"column":60}},"5":{"start":{"line":33,"column":42},"end":{"line":33,"column":57}},"6":{"start":{"line":34,"column":56},"end":{"line":34,"column":71}},"7":{"start":{"line":36,"column":44},"end":{"line":36,"column":59}},"8":{"start":{"line":37,"column":44},"end":{"line":37,"column":59}},"9":{"start":{"line":38,"column":58},"end":{"line":38,"column":73}},"10":{"start":{"line":39,"column":52},"end":{"line":39,"column":67}},"11":{"start":{"line":41,"column":32},"end":{"line":41,"column":47}},"12":{"start":{"line":43,"column":19},"end":{"line":112,"column":3}},"13":{"start":{"line":44,"column":4},"end":{"line":72,"column":5}},"14":{"start":{"line":50,"column":6},"end":{"line":54,"column":7}},"15":{"start":{"line":51,"column":8},"end":{"line":51,"column":31}},"16":{"start":{"line":53,"column":8},"end":{"line":53,"column":32}},"17":{"start":{"line":55,"column":6},"end":{"line":59,"column":7}},"18":{"start":{"line":56,"column":8},"end":{"line":56,"column":31}},"19":{"start":{"line":58,"column":8},"end":{"line":58,"column":32}},"20":{"start":{"line":60,"column":6},"end":{"line":64,"column":7}},"21":{"start":{"line":61,"column":8},"end":{"line":61,"column":38}},"22":{"start":{"line":63,"column":8},"end":{"line":63,"column":39}},"23":{"start":{"line":65,"column":6},"end":{"line":69,"column":7}},"24":{"start":{"line":66,"column":8},"end":{"line":66,"column":35}},"25":{"start":{"line":68,"column":8},"end":{"line":68,"column":36}},"26":{"start":{"line":71,"column":6},"end":{"line":71,"column":13}},"27":{"start":{"line":74,"column":4},"end":{"line":74,"column":28}},"28":{"start":{"line":75,"column":4},"end":{"line":75,"column":28}},"29":{"start":{"line":76,"column":4},"end":{"line":76,"column":35}},"30":{"start":{"line":77,"column":4},"end":{"line":77,"column":32}},"31":{"start":{"line":78,"column":4},"end":{"line":78,"column":21}},"32":{"start":{"line":80,"column":4},"end":{"line":111,"column":5}},"33":{"start":{"line":81,"column":27},"end":{"line":93,"column":7}},"34":{"start":{"line":95,"column":6},"end":{"line":108,"column":7}},"35":{"start":{"line":96,"column":20},"end":{"line":96,"column":45}},"36":{"start":{"line":97,"column":8},"end":{"line":97,"column":55}},"37":{"start":{"line":98,"column":8},"end":{"line":98,"column":57}},"38":{"start":{"line":99,"column":8},"end":{"line":99,"column":68}},"39":{"start":{"line":100,"column":8},"end":{"line":100,"column":24}},"40":{"start":{"line":101,"column":8},"end":{"line":101,"column":24}},"41":{"start":{"line":102,"column":8},"end":{"line":102,"column":26}},"42":{"start":{"line":103,"column":8},"end":{"line":103,"column":40}},"43":{"start":{"line":105,"column":20},"end":{"line":105,"column":45}},"44":{"start":{"line":106,"column":8},"end":{"line":106,"column":26}},"45":{"start":{"line":107,"column":8},"end":{"line":107,"column":78}},"46":{"start":{"line":114,"column":2},"end":{"line":216,"column":4}},"47":{"start":{"line":129,"column":29},"end":{"line":129,"column":43}},"48":{"start":{"line":130,"column":25},"end":{"line":130,"column":42}},"49":{"start":{"line":131,"column":24},"end":{"line":131,"column":42}},"50":{"start":{"line":146,"column":45},"end":{"line":146,"column":75}},"51":{"start":{"line":156,"column":25},"end":{"line":156,"column":42}},"52":{"start":{"line":157,"column":24},"end":{"line":157,"column":42}},"53":{"start":{"line":159,"column":29},"end":{"line":159,"column":43}},"54":{"start":{"line":176,"column":29},"end":{"line":176,"column":73}},"55":{"start":{"line":186,"column":25},"end":{"line":186,"column":42}},"56":{"start":{"line":187,"column":24},"end":{"line":187,"column":42}},"57":{"start":{"line":188,"column":29},"end":{"line":188,"column":50}}},"fnMap":{"0":{"name":"Register","decl":{"start":{"line":16,"column":24},"end":{"line":16,"column":32}},"loc":{"start":{"line":26,"column":3},"end":{"line":217,"column":1}},"line":26},"1":{"name":"(anonymous_1)","decl":{"start":{"line":43,"column":19},"end":{"line":43,"column":20}},"loc":{"start":{"line":43,"column":31},"end":{"line":112,"column":3}},"line":43},"2":{"name":"(anonymous_2)","decl":{"start":{"line":129,"column":24},"end":{"line":129,"column":25}},"loc":{"start":{"line":129,"column":29},"end":{"line":129,"column":43}},"line":129},"3":{"name":"(anonymous_3)","decl":{"start":{"line":130,"column":19},"end":{"line":130,"column":20}},"loc":{"start":{"line":130,"column":25},"end":{"line":130,"column":42}},"line":130},"4":{"name":"(anonymous_4)","decl":{"start":{"line":131,"column":18},"end":{"line":131,"column":19}},"loc":{"start":{"line":131,"column":24},"end":{"line":131,"column":42}},"line":131},"5":{"name":"(anonymous_5)","decl":{"start":{"line":146,"column":39},"end":{"line":146,"column":40}},"loc":{"start":{"line":146,"column":45},"end":{"line":146,"column":75}},"line":146},"6":{"name":"(anonymous_6)","decl":{"start":{"line":156,"column":19},"end":{"line":156,"column":20}},"loc":{"start":{"line":156,"column":25},"end":{"line":156,"column":42}},"line":156},"7":{"name":"(anonymous_7)","decl":{"start":{"line":157,"column":18},"end":{"line":157,"column":19}},"loc":{"start":{"line":157,"column":24},"end":{"line":157,"column":42}},"line":157},"8":{"name":"(anonymous_8)","decl":{"start":{"line":159,"column":24},"end":{"line":159,"column":25}},"loc":{"start":{"line":159,"column":29},"end":{"line":159,"column":43}},"line":159},"9":{"name":"(anonymous_9)","decl":{"start":{"line":176,"column":23},"end":{"line":176,"column":24}},"loc":{"start":{"line":176,"column":29},"end":{"line":176,"column":73}},"line":176},"10":{"name":"(anonymous_10)","decl":{"start":{"line":186,"column":19},"end":{"line":186,"column":20}},"loc":{"start":{"line":186,"column":25},"end":{"line":186,"column":42}},"line":186},"11":{"name":"(anonymous_11)","decl":{"start":{"line":187,"column":18},"end":{"line":187,"column":19}},"loc":{"start":{"line":187,"column":24},"end":{"line":187,"column":42}},"line":187},"12":{"name":"(anonymous_12)","decl":{"start":{"line":188,"column":24},"end":{"line":188,"column":25}},"loc":{"start":{"line":188,"column":29},"end":{"line":188,"column":50}},"line":188}},"branchMap":{"0":{"loc":{"start":{"line":44,"column":4},"end":{"line":72,"column":5}},"type":"if","locations":[{"start":{"line":44,"column":4},"end":{"line":72,"column":5}},{"start":{},"end":{}}],"line":44},"1":{"loc":{"start":{"line":45,"column":6},"end":{"line":48,"column":34}},"type":"binary-expr","locations":[{"start":{"line":45,"column":6},"end":{"line":45,"column":15}},{"start":{"line":46,"column":6},"end":{"line":46,"column":15}},{"start":{"line":47,"column":6},"end":{"line":47,"column":22}},{"start":{"line":48,"column":6},"end":{"line":48,"column":34}}],"line":45},"2":{"loc":{"start":{"line":50,"column":6},"end":{"line":54,"column":7}},"type":"if","locations":[{"start":{"line":50,"column":6},"end":{"line":54,"column":7}},{"start":{"line":52,"column":13},"end":{"line":54,"column":7}}],"line":50},"3":{"loc":{"start":{"line":55,"column":6},"end":{"line":59,"column":7}},"type":"if","locations":[{"start":{"line":55,"column":6},"end":{"line":59,"column":7}},{"start":{"line":57,"column":13},"end":{"line":59,"column":7}}],"line":55},"4":{"loc":{"start":{"line":60,"column":6},"end":{"line":64,"column":7}},"type":"if","locations":[{"start":{"line":60,"column":6},"end":{"line":64,"column":7}},{"start":{"line":62,"column":13},"end":{"line":64,"column":7}}],"line":60},"5":{"loc":{"start":{"line":65,"column":6},"end":{"line":69,"column":7}},"type":"if","locations":[{"start":{"line":65,"column":6},"end":{"line":69,"column":7}},{"start":{"line":67,"column":13},"end":{"line":69,"column":7}}],"line":65},"6":{"loc":{"start":{"line":95,"column":6},"end":{"line":108,"column":7}},"type":"if","locations":[{"start":{"line":95,"column":6},"end":{"line":108,"column":7}},{"start":{"line":104,"column":13},"end":{"line":108,"column":7}}],"line":95},"7":{"loc":{"start":{"line":137,"column":9},"end":{"line":139,"column":9}},"type":"binary-expr","locations":[{"start":{"line":137,"column":9},"end":{"line":137,"column":22}},{"start":{"line":138,"column":10},"end":{"line":138,"column":66}}],"line":137},"8":{"loc":{"start":{"line":148,"column":22},"end":{"line":148,"column":54}},"type":"cond-expr","locations":[{"start":{"line":148,"column":37},"end":{"line":148,"column":42}},{"start":{"line":148,"column":45},"end":{"line":148,"column":54}}],"line":148},"9":{"loc":{"start":{"line":166,"column":9},"end":{"line":168,"column":9}},"type":"binary-expr","locations":[{"start":{"line":166,"column":9},"end":{"line":166,"column":22}},{"start":{"line":167,"column":10},"end":{"line":167,"column":66}}],"line":166},"10":{"loc":{"start":{"line":178,"column":22},"end":{"line":178,"column":61}},"type":"cond-expr","locations":[{"start":{"line":178,"column":44},"end":{"line":178,"column":49}},{"start":{"line":178,"column":52},"end":{"line":178,"column":61}}],"line":178},"11":{"loc":{"start":{"line":196,"column":9},"end":{"line":198,"column":9}},"type":"binary-expr","locations":[{"start":{"line":196,"column":9},"end":{"line":196,"column":29}},{"start":{"line":197,"column":10},"end":{"line":197,"column":66}}],"line":196},"12":{"loc":{"start":{"line":199,"column":9},"end":{"line":201,"column":9}},"type":"binary-expr","locations":[{"start":{"line":199,"column":9},"end":{"line":199,"column":26}},{"start":{"line":200,"column":10},"end":{"line":200,"column":75}}],"line":199},"13":{"loc":{"start":{"line":211,"column":13},"end":{"line":211,"column":44}},"type":"cond-expr","locations":[{"start":{"line":211,"column":23},"end":{"line":211,"column":35}},{"start":{"line":211,"column":38},"end":{"line":211,"column":44}}],"line":211}},"s":{"0":1,"1":3,"2":3,"3":3,"4":3,"5":3,"6":3,"7":3,"8":3,"9":3,"10":3,"11":3,"12":3,"13":1,"14":1,"15":1,"16":0,"17":1,"18":1,"19":0,"20":1,"21":1,"22":0,"23":1,"24":0,"25":1,"26":1,"27":0,"28":0,"29":0,"30":0,"31":0,"32":0,"33":0,"34":0,"35":0,"36":0,"37":0,"38":0,"39":0,"40":0,"41":0,"42":0,"43":0,"44":0,"45":0,"46":3,"47":0,"48":0,"49":0,"50":0,"51":0,"52":0,"53":0,"54":0,"55":0,"56":0,"57":0},"f":{"0":3,"1":1,"2":0,"3":0,"4":0,"5":0,"6":0,"7":0,"8":0,"9":0,"10":0,"11":0,"12":0},"b":{"0":[1,0],"1":[1,0,0,0],"2":[1,0],"3":[1,0],"4":[1,0],"5":[0,1],"6":[0,0],"7":[3,1],"8":[0,3],"9":[3,1],"10":[0,3],"11":[3,1],"12":[3,0],"13":[0,3]},"_coverageSchema":"1a1c01bbd47fc00a2c39e90264f33305004495a9","hash":"25b4a4588b9fc732703f67df3d17800f031badc8"}
,"/Users/chendol/Native/OCBC/src/Images/Transfer.js": {"path":"/Users/chendol/Native/OCBC/src/Images/Transfer.js","statementMap":{"0":{"start":{"line":6,"column":2},"end":{"line":286,"column":4}}},"fnMap":{"0":{"name":"SvgComponent","decl":{"start":{"line":5,"column":9},"end":{"line":5,"column":21}},"loc":{"start":{"line":5,"column":29},"end":{"line":287,"column":1}},"line":5}},"branchMap":{},"s":{"0":0},"f":{"0":0},"b":{},"_coverageSchema":"1a1c01bbd47fc00a2c39e90264f33305004495a9","hash":"819738821064055bc44b5ae8f29ee8007c91bf29"}
,"/Users/chendol/Native/OCBC/src/Images/ocbc.png": {"path":"/Users/chendol/Native/OCBC/src/Images/ocbc.png","statementMap":{"0":{"start":{"line":1,"column":0},"end":{"line":4,"column":6}}},"fnMap":{},"branchMap":{},"s":{"0":1},"f":{},"b":{},"inputSourceMap":null,"_coverageSchema":"1a1c01bbd47fc00a2c39e90264f33305004495a9","hash":"5b95843deb6c32f431a7ae42df838b5f2e9f9c65"}
,"/Users/chendol/Native/OCBC/src/Pages/Auth.tsx": {"path":"/Users/chendol/Native/OCBC/src/Pages/Auth.tsx","statementMap":{"0":{"start":{"line":8,"column":15},"end":{"line":8,"column":35}},"1":{"start":{"line":9,"column":13},"end":{"line":9,"column":42}},"2":{"start":{"line":12,"column":26},"end":{"line":12,"column":43}},"3":{"start":{"line":13,"column":34},"end":{"line":13,"column":49}},"4":{"start":{"line":15,"column":2},"end":{"line":54,"column":4}},"5":{"start":{"line":26,"column":25},"end":{"line":26,"column":41}},"6":{"start":{"line":34,"column":25},"end":{"line":34,"column":44}}},"fnMap":{"0":{"name":"Auth","decl":{"start":{"line":11,"column":24},"end":{"line":11,"column":28}},"loc":{"start":{"line":11,"column":31},"end":{"line":55,"column":1}},"line":11},"1":{"name":"(anonymous_1)","decl":{"start":{"line":26,"column":19},"end":{"line":26,"column":20}},"loc":{"start":{"line":26,"column":25},"end":{"line":26,"column":41}},"line":26},"2":{"name":"(anonymous_2)","decl":{"start":{"line":34,"column":19},"end":{"line":34,"column":20}},"loc":{"start":{"line":34,"column":25},"end":{"line":34,"column":44}},"line":34}},"branchMap":{"0":{"loc":{"start":{"line":17,"column":19},"end":{"line":17,"column":61}},"type":"cond-expr","locations":[{"start":{"line":17,"column":30},"end":{"line":17,"column":47}},{"start":{"line":17,"column":50},"end":{"line":17,"column":61}}],"line":17},"1":{"loc":{"start":{"line":25,"column":17},"end":{"line":25,"column":72}},"type":"cond-expr","locations":[{"start":{"line":25,"column":35},"end":{"line":25,"column":51}},{"start":{"line":25,"column":54},"end":{"line":25,"column":72}}],"line":25},"2":{"loc":{"start":{"line":27,"column":23},"end":{"line":27,"column":76}},"type":"cond-expr","locations":[{"start":{"line":27,"column":41},"end":{"line":27,"column":57}},{"start":{"line":27,"column":60},"end":{"line":27,"column":76}}],"line":27},"3":{"loc":{"start":{"line":33,"column":17},"end":{"line":33,"column":75}},"type":"cond-expr","locations":[{"start":{"line":33,"column":38},"end":{"line":33,"column":54}},{"start":{"line":33,"column":57},"end":{"line":33,"column":75}}],"line":33},"4":{"loc":{"start":{"line":36,"column":19},"end":{"line":36,"column":75}},"type":"cond-expr","locations":[{"start":{"line":36,"column":40},"end":{"line":36,"column":56}},{"start":{"line":36,"column":59},"end":{"line":36,"column":75}}],"line":36},"5":{"loc":{"start":{"line":42,"column":7},"end":{"line":51,"column":7}},"type":"cond-expr","locations":[{"start":{"line":43,"column":8},"end":{"line":43,"column":76}},{"start":{"line":45,"column":8},"end":{"line":50,"column":10}}],"line":42}},"s":{"0":1,"1":1,"2":3,"3":3,"4":3,"5":1,"6":1},"f":{"0":3,"1":1,"2":1},"b":{"0":[0,3],"1":[2,1],"2":[2,1],"3":[1,2],"4":[1,2],"5":[2,1]},"_coverageSchema":"1a1c01bbd47fc00a2c39e90264f33305004495a9","hash":"0f730a94b04f1ee864b827b4ef1f84a32d3400ff"}
,"/Users/chendol/Native/OCBC/src/Pages/Dashboard.tsx": {"path":"/Users/chendol/Native/OCBC/src/Pages/Dashboard.tsx","statementMap":{"0":{"start":{"line":22,"column":15},"end":{"line":22,"column":35}},"1":{"start":{"line":40,"column":34},"end":{"line":40,"column":46}},"2":{"start":{"line":41,"column":32},"end":{"line":41,"column":46}},"3":{"start":{"line":42,"column":40},"end":{"line":42,"column":52}},"4":{"start":{"line":43,"column":32},"end":{"line":43,"column":66}},"5":{"start":{"line":44,"column":28},"end":{"line":44,"column":60}},"6":{"start":{"line":45,"column":34},"end":{"line":45,"column":49}},"7":{"start":{"line":46,"column":44},"end":{"line":46,"column":59}},"8":{"start":{"line":47,"column":21},"end":{"line":47,"column":58}},"9":{"start":{"line":48,"column":20},"end":{"line":48,"column":58}},"10":{"start":{"line":50,"column":20},"end":{"line":80,"column":3}},"11":{"start":{"line":51,"column":18},"end":{"line":51,"column":53}},"12":{"start":{"line":52,"column":4},"end":{"line":79,"column":5}},"13":{"start":{"line":53,"column":22},"end":{"line":64,"column":8}},"14":{"start":{"line":66,"column":6},"end":{"line":75,"column":7}},"15":{"start":{"line":67,"column":20},"end":{"line":67,"column":77}},"16":{"start":{"line":67,"column":61},"end":{"line":67,"column":75}},"17":{"start":{"line":69,"column":8},"end":{"line":69,"column":27}},"18":{"start":{"line":70,"column":8},"end":{"line":70,"column":36}},"19":{"start":{"line":72,"column":8},"end":{"line":72,"column":51}},"20":{"start":{"line":73,"column":8},"end":{"line":73,"column":47}},"21":{"start":{"line":74,"column":8},"end":{"line":74,"column":35}},"22":{"start":{"line":76,"column":6},"end":{"line":76,"column":24}},"23":{"start":{"line":78,"column":6},"end":{"line":78,"column":35}},"24":{"start":{"line":82,"column":2},"end":{"line":100,"column":19}},"25":{"start":{"line":83,"column":4},"end":{"line":87,"column":7}},"26":{"start":{"line":84,"column":6},"end":{"line":86,"column":7}},"27":{"start":{"line":85,"column":8},"end":{"line":85,"column":23}},"28":{"start":{"line":89,"column":4},"end":{"line":89,"column":16}},"29":{"start":{"line":91,"column":24},"end":{"line":93,"column":6}},"30":{"start":{"line":92,"column":6},"end":{"line":92,"column":18}},"31":{"start":{"line":95,"column":4},"end":{"line":99,"column":6}},"32":{"start":{"line":96,"column":6},"end":{"line":96,"column":18}},"33":{"start":{"line":97,"column":6},"end":{"line":97,"column":23}},"34":{"start":{"line":98,"column":6},"end":{"line":98,"column":25}},"35":{"start":{"line":102,"column":26},"end":{"line":109,"column":3}},"36":{"start":{"line":103,"column":4},"end":{"line":107,"column":15}},"37":{"start":{"line":108,"column":4},"end":{"line":108,"column":37}},"38":{"start":{"line":111,"column":2},"end":{"line":113,"column":3}},"39":{"start":{"line":112,"column":4},"end":{"line":112,"column":61}},"40":{"start":{"line":115,"column":2},"end":{"line":268,"column":4}},"41":{"start":{"line":129,"column":33},"end":{"line":129,"column":50}},"42":{"start":{"line":152,"column":14},"end":{"line":154,"column":29}},"43":{"start":{"line":155,"column":12},"end":{"line":162,"column":14}},"44":{"start":{"line":158,"column":18},"end":{"line":158,"column":46}},"45":{"start":{"line":165,"column":38},"end":{"line":165,"column":48}},"46":{"start":{"line":170,"column":20},"end":{"line":170,"column":51}},"47":{"start":{"line":176,"column":31},"end":{"line":176,"column":45}},"48":{"start":{"line":177,"column":33},"end":{"line":177,"column":47}},"49":{"start":{"line":232,"column":14},"end":{"line":232,"column":29}},"50":{"start":{"line":241,"column":31},"end":{"line":241,"column":49}},"51":{"start":{"line":242,"column":33},"end":{"line":242,"column":51}},"52":{"start":{"line":252,"column":16},"end":{"line":252,"column":55}},"53":{"start":{"line":253,"column":16},"end":{"line":253,"column":43}},"54":{"start":{"line":260,"column":16},"end":{"line":260,"column":35}}},"fnMap":{"0":{"name":"Dashboard","decl":{"start":{"line":39,"column":24},"end":{"line":39,"column":33}},"loc":{"start":{"line":39,"column":36},"end":{"line":269,"column":1}},"line":39},"1":{"name":"(anonymous_1)","decl":{"start":{"line":50,"column":20},"end":{"line":50,"column":21}},"loc":{"start":{"line":50,"column":32},"end":{"line":80,"column":3}},"line":50},"2":{"name":"(anonymous_2)","decl":{"start":{"line":67,"column":50},"end":{"line":67,"column":51}},"loc":{"start":{"line":67,"column":61},"end":{"line":67,"column":75}},"line":67},"3":{"name":"(anonymous_3)","decl":{"start":{"line":82,"column":12},"end":{"line":82,"column":13}},"loc":{"start":{"line":82,"column":18},"end":{"line":100,"column":3}},"line":82},"4":{"name":"(anonymous_4)","decl":{"start":{"line":83,"column":42},"end":{"line":83,"column":43}},"loc":{"start":{"line":83,"column":47},"end":{"line":87,"column":5}},"line":83},"5":{"name":"(anonymous_5)","decl":{"start":{"line":91,"column":56},"end":{"line":91,"column":57}},"loc":{"start":{"line":91,"column":62},"end":{"line":93,"column":5}},"line":91},"6":{"name":"(anonymous_6)","decl":{"start":{"line":95,"column":11},"end":{"line":95,"column":12}},"loc":{"start":{"line":95,"column":17},"end":{"line":99,"column":5}},"line":95},"7":{"name":"(anonymous_7)","decl":{"start":{"line":102,"column":26},"end":{"line":102,"column":27}},"loc":{"start":{"line":102,"column":32},"end":{"line":109,"column":3}},"line":102},"8":{"name":"(anonymous_8)","decl":{"start":{"line":129,"column":21},"end":{"line":129,"column":22}},"loc":{"start":{"line":129,"column":33},"end":{"line":129,"column":50}},"line":129},"9":{"name":"(anonymous_9)","decl":{"start":{"line":150,"column":22},"end":{"line":150,"column":23}},"loc":{"start":{"line":150,"column":39},"end":{"line":163,"column":11}},"line":150},"10":{"name":"(anonymous_10)","decl":{"start":{"line":157,"column":25},"end":{"line":157,"column":26}},"loc":{"start":{"line":157,"column":31},"end":{"line":159,"column":17}},"line":157},"11":{"name":"(anonymous_11)","decl":{"start":{"line":165,"column":24},"end":{"line":165,"column":25}},"loc":{"start":{"line":165,"column":38},"end":{"line":165,"column":48}},"line":165},"12":{"name":"(anonymous_12)","decl":{"start":{"line":170,"column":14},"end":{"line":170,"column":15}},"loc":{"start":{"line":170,"column":20},"end":{"line":170,"column":51}},"line":170},"13":{"name":"(anonymous_13)","decl":{"start":{"line":176,"column":25},"end":{"line":176,"column":26}},"loc":{"start":{"line":176,"column":31},"end":{"line":176,"column":45}},"line":176},"14":{"name":"(anonymous_14)","decl":{"start":{"line":177,"column":27},"end":{"line":177,"column":28}},"loc":{"start":{"line":177,"column":33},"end":{"line":177,"column":47}},"line":177},"15":{"name":"(anonymous_15)","decl":{"start":{"line":231,"column":21},"end":{"line":231,"column":22}},"loc":{"start":{"line":231,"column":27},"end":{"line":233,"column":13}},"line":231},"16":{"name":"(anonymous_16)","decl":{"start":{"line":241,"column":25},"end":{"line":241,"column":26}},"loc":{"start":{"line":241,"column":31},"end":{"line":241,"column":49}},"line":241},"17":{"name":"(anonymous_17)","decl":{"start":{"line":242,"column":27},"end":{"line":242,"column":28}},"loc":{"start":{"line":242,"column":33},"end":{"line":242,"column":51}},"line":242},"18":{"name":"(anonymous_18)","decl":{"start":{"line":250,"column":23},"end":{"line":250,"column":24}},"loc":{"start":{"line":250,"column":35},"end":{"line":254,"column":15}},"line":250},"19":{"name":"(anonymous_19)","decl":{"start":{"line":259,"column":23},"end":{"line":259,"column":24}},"loc":{"start":{"line":259,"column":35},"end":{"line":261,"column":15}},"line":259}},"branchMap":{"0":{"loc":{"start":{"line":66,"column":6},"end":{"line":75,"column":7}},"type":"if","locations":[{"start":{"line":66,"column":6},"end":{"line":75,"column":7}},{"start":{"line":71,"column":13},"end":{"line":75,"column":7}}],"line":66},"1":{"loc":{"start":{"line":66,"column":10},"end":{"line":66,"column":40}},"type":"binary-expr","locations":[{"start":{"line":66,"column":10},"end":{"line":66,"column":23}},{"start":{"line":66,"column":27},"end":{"line":66,"column":40}}],"line":66},"2":{"loc":{"start":{"line":84,"column":6},"end":{"line":86,"column":7}},"type":"if","locations":[{"start":{"line":84,"column":6},"end":{"line":86,"column":7}},{"start":{},"end":{}}],"line":84},"3":{"loc":{"start":{"line":104,"column":15},"end":{"line":104,"column":37}},"type":"cond-expr","locations":[{"start":{"line":104,"column":31},"end":{"line":104,"column":33}},{"start":{"line":104,"column":36},"end":{"line":104,"column":37}}],"line":104},"4":{"loc":{"start":{"line":111,"column":2},"end":{"line":113,"column":3}},"type":"if","locations":[{"start":{"line":111,"column":2},"end":{"line":113,"column":3}},{"start":{},"end":{}}],"line":111},"5":{"loc":{"start":{"line":152,"column":14},"end":{"line":154,"column":29}},"type":"cond-expr","locations":[{"start":{"line":153,"column":18},"end":{"line":153,"column":33}},{"start":{"line":154,"column":18},"end":{"line":154,"column":29}}],"line":152},"6":{"loc":{"start":{"line":175,"column":19},"end":{"line":175,"column":39}},"type":"cond-expr","locations":[{"start":{"line":175,"column":27},"end":{"line":175,"column":31}},{"start":{"line":175,"column":34},"end":{"line":175,"column":39}}],"line":175}},"s":{"0":1,"1":0,"2":0,"3":0,"4":0,"5":0,"6":0,"7":0,"8":0,"9":0,"10":0,"11":0,"12":0,"13":0,"14":0,"15":0,"16":0,"17":0,"18":0,"19":0,"20":0,"21":0,"22":0,"23":0,"24":0,"25":0,"26":0,"27":0,"28":0,"29":0,"30":0,"31":0,"32":0,"33":0,"34":0,"35":0,"36":0,"37":0,"38":0,"39":0,"40":0,"41":0,"42":0,"43":0,"44":0,"45":0,"46":0,"47":0,"48":0,"49":0,"50":0,"51":0,"52":0,"53":0,"54":0},"f":{"0":0,"1":0,"2":0,"3":0,"4":0,"5":0,"6":0,"7":0,"8":0,"9":0,"10":0,"11":0,"12":0,"13":0,"14":0,"15":0,"16":0,"17":0,"18":0,"19":0},"b":{"0":[0,0],"1":[0,0],"2":[0,0],"3":[0,0],"4":[0,0],"5":[0,0],"6":[0,0]},"_coverageSchema":"1a1c01bbd47fc00a2c39e90264f33305004495a9","hash":"40cb1da76dce84855e6eac04cad50420d5a3a9de"}
,"/Users/chendol/Native/OCBC/src/Pages/Failed.tsx": {"path":"/Users/chendol/Native/OCBC/src/Pages/Failed.tsx","statementMap":{"0":{"start":{"line":4,"column":15},"end":{"line":4,"column":35}},"1":{"start":{"line":7,"column":46},"end":{"line":7,"column":58}},"2":{"start":{"line":8,"column":2},"end":{"line":52,"column":4}},"3":{"start":{"line":42,"column":25},"end":{"line":42,"column":56}},"4":{"start":{"line":47,"column":25},"end":{"line":47,"column":57}}},"fnMap":{"0":{"name":"Failed","decl":{"start":{"line":6,"column":24},"end":{"line":6,"column":30}},"loc":{"start":{"line":6,"column":57},"end":{"line":53,"column":1}},"line":6},"1":{"name":"(anonymous_1)","decl":{"start":{"line":42,"column":19},"end":{"line":42,"column":20}},"loc":{"start":{"line":42,"column":25},"end":{"line":42,"column":56}},"line":42},"2":{"name":"(anonymous_2)","decl":{"start":{"line":47,"column":19},"end":{"line":47,"column":20}},"loc":{"start":{"line":47,"column":25},"end":{"line":47,"column":57}},"line":47}},"branchMap":{},"s":{"0":1,"1":0,"2":0,"3":0,"4":0},"f":{"0":0,"1":0,"2":0},"b":{},"_coverageSchema":"1a1c01bbd47fc00a2c39e90264f33305004495a9","hash":"6634d09c9580bccf314787a6788ddc90220de64f"}
,"/Users/chendol/Native/OCBC/src/Pages/Success.tsx": {"path":"/Users/chendol/Native/OCBC/src/Pages/Success.tsx","statementMap":{"0":{"start":{"line":4,"column":15},"end":{"line":4,"column":35}},"1":{"start":{"line":7,"column":54},"end":{"line":7,"column":66}},"2":{"start":{"line":8,"column":2},"end":{"line":52,"column":4}},"3":{"start":{"line":42,"column":25},"end":{"line":42,"column":56}},"4":{"start":{"line":47,"column":25},"end":{"line":47,"column":57}}},"fnMap":{"0":{"name":"Success","decl":{"start":{"line":6,"column":24},"end":{"line":6,"column":31}},"loc":{"start":{"line":6,"column":58},"end":{"line":53,"column":1}},"line":6},"1":{"name":"(anonymous_1)","decl":{"start":{"line":42,"column":19},"end":{"line":42,"column":20}},"loc":{"start":{"line":42,"column":25},"end":{"line":42,"column":56}},"line":42},"2":{"name":"(anonymous_2)","decl":{"start":{"line":47,"column":19},"end":{"line":47,"column":20}},"loc":{"start":{"line":47,"column":25},"end":{"line":47,"column":57}},"line":47}},"branchMap":{},"s":{"0":1,"1":0,"2":0,"3":0,"4":0},"f":{"0":0,"1":0,"2":0},"b":{},"_coverageSchema":"1a1c01bbd47fc00a2c39e90264f33305004495a9","hash":"bb82b24a7c86fbdeb19d487d2951ceba0156e2e6"}
,"/Users/chendol/Native/OCBC/src/Pages/Transfer.tsx": {"path":"/Users/chendol/Native/OCBC/src/Pages/Transfer.tsx","statementMap":{"0":{"start":{"line":18,"column":15},"end":{"line":18,"column":35}},"1":{"start":{"line":27,"column":21},"end":{"line":27,"column":58}},"2":{"start":{"line":28,"column":36},"end":{"line":28,"column":48}},"3":{"start":{"line":29,"column":28},"end":{"line":29,"column":66}},"4":{"start":{"line":30,"column":30},"end":{"line":30,"column":42}},"5":{"start":{"line":31,"column":40},"end":{"line":31,"column":52}},"6":{"start":{"line":32,"column":32},"end":{"line":32,"column":47}},"7":{"start":{"line":33,"column":38},"end":{"line":33,"column":53}},"8":{"start":{"line":34,"column":40},"end":{"line":34,"column":55}},"9":{"start":{"line":35,"column":36},"end":{"line":35,"column":51}},"10":{"start":{"line":37,"column":20},"end":{"line":53,"column":3}},"11":{"start":{"line":38,"column":18},"end":{"line":38,"column":53}},"12":{"start":{"line":40,"column":21},"end":{"line":47,"column":5}},"13":{"start":{"line":49,"column":4},"end":{"line":52,"column":5}},"14":{"start":{"line":50,"column":18},"end":{"line":50,"column":39}},"15":{"start":{"line":51,"column":6},"end":{"line":51,"column":29}},"16":{"start":{"line":54,"column":2},"end":{"line":56,"column":9}},"17":{"start":{"line":55,"column":4},"end":{"line":55,"column":16}},"18":{"start":{"line":58,"column":23},"end":{"line":113,"column":3}},"19":{"start":{"line":59,"column":4},"end":{"line":70,"column":5}},"20":{"start":{"line":60,"column":6},"end":{"line":62,"column":7}},"21":{"start":{"line":61,"column":8},"end":{"line":61,"column":28}},"22":{"start":{"line":63,"column":6},"end":{"line":65,"column":7}},"23":{"start":{"line":64,"column":8},"end":{"line":64,"column":29}},"24":{"start":{"line":66,"column":6},"end":{"line":68,"column":7}},"25":{"start":{"line":67,"column":8},"end":{"line":67,"column":27}},"26":{"start":{"line":69,"column":6},"end":{"line":69,"column":13}},"27":{"start":{"line":71,"column":4},"end":{"line":71,"column":25}},"28":{"start":{"line":72,"column":4},"end":{"line":72,"column":26}},"29":{"start":{"line":73,"column":4},"end":{"line":73,"column":24}},"30":{"start":{"line":74,"column":4},"end":{"line":74,"column":21}},"31":{"start":{"line":76,"column":18},"end":{"line":76,"column":53}},"32":{"start":{"line":77,"column":4},"end":{"line":77,"column":33}},"33":{"start":{"line":78,"column":17},"end":{"line":92,"column":5}},"34":{"start":{"line":93,"column":4},"end":{"line":93,"column":22}},"35":{"start":{"line":94,"column":4},"end":{"line":112,"column":5}},"36":{"start":{"line":95,"column":18},"end":{"line":95,"column":35}},"37":{"start":{"line":96,"column":6},"end":{"line":96,"column":50}},"38":{"start":{"line":97,"column":6},"end":{"line":102,"column":9}},"39":{"start":{"line":104,"column":18},"end":{"line":104,"column":35}},"40":{"start":{"line":105,"column":6},"end":{"line":110,"column":9}},"41":{"start":{"line":115,"column":2},"end":{"line":184,"column":4}},"42":{"start":{"line":122,"column":25},"end":{"line":122,"column":57}},"43":{"start":{"line":147,"column":31},"end":{"line":147,"column":43}},"44":{"start":{"line":159,"column":31},"end":{"line":159,"column":48}}},"fnMap":{"0":{"name":"Transfer","decl":{"start":{"line":26,"column":24},"end":{"line":26,"column":32}},"loc":{"start":{"line":26,"column":35},"end":{"line":185,"column":1}},"line":26},"1":{"name":"(anonymous_1)","decl":{"start":{"line":37,"column":20},"end":{"line":37,"column":21}},"loc":{"start":{"line":37,"column":32},"end":{"line":53,"column":3}},"line":37},"2":{"name":"(anonymous_2)","decl":{"start":{"line":54,"column":12},"end":{"line":54,"column":13}},"loc":{"start":{"line":54,"column":18},"end":{"line":56,"column":3}},"line":54},"3":{"name":"(anonymous_3)","decl":{"start":{"line":58,"column":23},"end":{"line":58,"column":24}},"loc":{"start":{"line":58,"column":35},"end":{"line":113,"column":3}},"line":58},"4":{"name":"(anonymous_4)","decl":{"start":{"line":122,"column":19},"end":{"line":122,"column":20}},"loc":{"start":{"line":122,"column":25},"end":{"line":122,"column":57}},"line":122},"5":{"name":"(anonymous_5)","decl":{"start":{"line":147,"column":26},"end":{"line":147,"column":27}},"loc":{"start":{"line":147,"column":31},"end":{"line":147,"column":43}},"line":147},"6":{"name":"(anonymous_6)","decl":{"start":{"line":159,"column":26},"end":{"line":159,"column":27}},"loc":{"start":{"line":159,"column":31},"end":{"line":159,"column":48}},"line":159}},"branchMap":{"0":{"loc":{"start":{"line":49,"column":4},"end":{"line":52,"column":5}},"type":"if","locations":[{"start":{"line":49,"column":4},"end":{"line":52,"column":5}},{"start":{},"end":{}}],"line":49},"1":{"loc":{"start":{"line":59,"column":4},"end":{"line":70,"column":5}},"type":"if","locations":[{"start":{"line":59,"column":4},"end":{"line":70,"column":5}},{"start":{},"end":{}}],"line":59},"2":{"loc":{"start":{"line":59,"column":8},"end":{"line":59,"column":41}},"type":"binary-expr","locations":[{"start":{"line":59,"column":8},"end":{"line":59,"column":14}},{"start":{"line":59,"column":18},"end":{"line":59,"column":25}},{"start":{"line":59,"column":29},"end":{"line":59,"column":41}}],"line":59},"3":{"loc":{"start":{"line":60,"column":6},"end":{"line":62,"column":7}},"type":"if","locations":[{"start":{"line":60,"column":6},"end":{"line":62,"column":7}},{"start":{},"end":{}}],"line":60},"4":{"loc":{"start":{"line":63,"column":6},"end":{"line":65,"column":7}},"type":"if","locations":[{"start":{"line":63,"column":6},"end":{"line":65,"column":7}},{"start":{},"end":{}}],"line":63},"5":{"loc":{"start":{"line":66,"column":6},"end":{"line":68,"column":7}},"type":"if","locations":[{"start":{"line":66,"column":6},"end":{"line":68,"column":7}},{"start":{},"end":{}}],"line":66},"6":{"loc":{"start":{"line":94,"column":4},"end":{"line":112,"column":5}},"type":"if","locations":[{"start":{"line":94,"column":4},"end":{"line":112,"column":5}},{"start":{"line":103,"column":11},"end":{"line":112,"column":5}}],"line":94},"7":{"loc":{"start":{"line":118,"column":18},"end":{"line":118,"column":64}},"type":"cond-expr","locations":[{"start":{"line":118,"column":42},"end":{"line":118,"column":51}},{"start":{"line":118,"column":54},"end":{"line":118,"column":64}}],"line":118},"8":{"loc":{"start":{"line":138,"column":11},"end":{"line":140,"column":11}},"type":"binary-expr","locations":[{"start":{"line":138,"column":11},"end":{"line":138,"column":21}},{"start":{"line":139,"column":12},"end":{"line":139,"column":70}}],"line":138},"9":{"loc":{"start":{"line":151,"column":11},"end":{"line":153,"column":11}},"type":"binary-expr","locations":[{"start":{"line":151,"column":11},"end":{"line":151,"column":22}},{"start":{"line":152,"column":12},"end":{"line":152,"column":66}}],"line":151},"10":{"loc":{"start":{"line":165,"column":11},"end":{"line":167,"column":11}},"type":"binary-expr","locations":[{"start":{"line":165,"column":11},"end":{"line":165,"column":20}},{"start":{"line":166,"column":12},"end":{"line":166,"column":71}}],"line":165},"11":{"loc":{"start":{"line":172,"column":10},"end":{"line":174,"column":29}},"type":"cond-expr","locations":[{"start":{"line":173,"column":14},"end":{"line":173,"column":35}},{"start":{"line":174,"column":14},"end":{"line":174,"column":29}}],"line":172},"12":{"loc":{"start":{"line":172,"column":10},"end":{"line":172,"column":40}},"type":"binary-expr","locations":[{"start":{"line":172,"column":10},"end":{"line":172,"column":15}},{"start":{"line":172,"column":19},"end":{"line":172,"column":25}},{"start":{"line":172,"column":29},"end":{"line":172,"column":40}}],"line":172},"13":{"loc":{"start":{"line":180,"column":11},"end":{"line":180,"column":47}},"type":"cond-expr","locations":[{"start":{"line":180,"column":21},"end":{"line":180,"column":30}},{"start":{"line":180,"column":33},"end":{"line":180,"column":47}}],"line":180}},"s":{"0":1,"1":0,"2":0,"3":0,"4":0,"5":0,"6":0,"7":0,"8":0,"9":0,"10":0,"11":0,"12":0,"13":0,"14":0,"15":0,"16":0,"17":0,"18":0,"19":0,"20":0,"21":0,"22":0,"23":0,"24":0,"25":0,"26":0,"27":0,"28":0,"29":0,"30":0,"31":0,"32":0,"33":0,"34":0,"35":0,"36":0,"37":0,"38":0,"39":0,"40":0,"41":0,"42":0,"43":0,"44":0},"f":{"0":0,"1":0,"2":0,"3":0,"4":0,"5":0,"6":0},"b":{"0":[0,0],"1":[0,0],"2":[0,0,0],"3":[0,0],"4":[0,0],"5":[0,0],"6":[0,0],"7":[0,0],"8":[0,0],"9":[0,0],"10":[0,0],"11":[0,0],"12":[0,0,0],"13":[0,0]},"_coverageSchema":"1a1c01bbd47fc00a2c39e90264f33305004495a9","hash":"3c9f1cbabfc6fa4bd36a276ffcc04d7d3483f805"}
,"/Users/chendol/Native/OCBC/src/Utils/useFormat.js": {"path":"/Users/chendol/Native/OCBC/src/Utils/useFormat.js","statementMap":{"0":{"start":{"line":1,"column":25},"end":{"line":5,"column":1}},"1":{"start":{"line":2,"column":2},"end":{"line":4,"column":41}}},"fnMap":{"0":{"name":"(anonymous_0)","decl":{"start":{"line":1,"column":25},"end":{"line":1,"column":26}},"loc":{"start":{"line":1,"column":30},"end":{"line":5,"column":1}},"line":1}},"branchMap":{},"s":{"0":1,"1":0},"f":{"0":0},"b":{},"_coverageSchema":"1a1c01bbd47fc00a2c39e90264f33305004495a9","hash":"9418856bc12671fe22e12dab0384088c458dbe0d"}
}
