{"/Users/chendol/Native/OCBC/src/styles.tsx": {"path":"/Users/chendol/Native/OCBC/src/styles.tsx","statementMap":{"0":{"start":{"line":3,"column":0},"end":{"line":266,"column":3}}},"fnMap":{},"branchMap":{},"s":{"0":1},"f":{},"b":{},"_coverageSchema":"1a1c01bbd47fc00a2c39e90264f33305004495a9","hash":"849d0981574946bbf8c79d1278d116f7b1363f0a"}
,"/Users/chendol/Native/OCBC/src/Components/Card.tsx": {"path":"/Users/chendol/Native/OCBC/src/Components/Card.tsx","statementMap":{"0":{"start":{"line":4,"column":15},"end":{"line":4,"column":35}},"1":{"start":{"line":22,"column":15},"end":{"line":22,"column":57}},"2":{"start":{"line":23,"column":2},"end":{"line":44,"column":4}}},"fnMap":{"0":{"name":"Card","decl":{"start":{"line":15,"column":24},"end":{"line":15,"column":28}},"loc":{"start":{"line":21,"column":9},"end":{"line":45,"column":1}},"line":21}},"branchMap":{"0":{"loc":{"start":{"line":32,"column":11},"end":{"line":40,"column":11}},"type":"cond-expr","locations":[{"start":{"line":33,"column":12},"end":{"line":35,"column":19}},{"start":{"line":37,"column":12},"end":{"line":39,"column":19}}],"line":32}},"s":{"0":1,"1":0,"2":0},"f":{"0":0},"b":{"0":[0,0]},"_coverageSchema":"1a1c01bbd47fc00a2c39e90264f33305004495a9","hash":"6b6859f07706d4f94e167f9d6299e9cd3711dfac"}
,"/Users/chendol/Native/OCBC/src/Components/Curve.tsx": {"path":"/Users/chendol/Native/OCBC/src/Components/Curve.tsx","statementMap":{"0":{"start":{"line":6,"column":22},"end":{"line":6,"column":52}},"1":{"start":{"line":7,"column":2},"end":{"line":22,"column":4}},"2":{"start":{"line":25,"column":15},"end":{"line":31,"column":2}}},"fnMap":{"0":{"name":"Curve","decl":{"start":{"line":5,"column":24},"end":{"line":5,"column":29}},"loc":{"start":{"line":5,"column":66},"end":{"line":23,"column":1}},"line":5}},"branchMap":{"0":{"loc":{"start":{"line":5,"column":31},"end":{"line":5,"column":45}},"type":"default-arg","locations":[{"start":{"line":5,"column":39},"end":{"line":5,"column":45}}],"line":5}},"s":{"0":0,"1":0,"2":1},"f":{"0":0},"b":{"0":[0]},"_coverageSchema":"1a1c01bbd47fc00a2c39e90264f33305004495a9","hash":"82b3129aff880c4caa2147b8cbe42cd7446db9d7"}
,"/Users/chendol/Native/OCBC/src/Components/CurveBottom.tsx": {"path":"/Users/chendol/Native/OCBC/src/Components/CurveBottom.tsx","statementMap":{"0":{"start":{"line":6,"column":22},"end":{"line":6,"column":52}},"1":{"start":{"line":7,"column":2},"end":{"line":22,"column":4}},"2":{"start":{"line":25,"column":15},"end":{"line":32,"column":2}}},"fnMap":{"0":{"name":"CurveBottom","decl":{"start":{"line":5,"column":24},"end":{"line":5,"column":35}},"loc":{"start":{"line":5,"column":72},"end":{"line":23,"column":1}},"line":5}},"branchMap":{"0":{"loc":{"start":{"line":5,"column":37},"end":{"line":5,"column":51}},"type":"default-arg","locations":[{"start":{"line":5,"column":45},"end":{"line":5,"column":51}}],"line":5}},"s":{"0":0,"1":0,"2":1},"f":{"0":0},"b":{"0":[0]},"_coverageSchema":"1a1c01bbd47fc00a2c39e90264f33305004495a9","hash":"9f0c3b97982ba7520cec430169ac513d0dbbd432"}
,"/Users/chendol/Native/OCBC/src/Components/Dropdown.js": {"path":"/Users/chendol/Native/OCBC/src/Components/Dropdown.js","statementMap":{"0":{"start":{"line":12,"column":17},"end":{"line":72,"column":1}},"1":{"start":{"line":13,"column":25},"end":{"line":13,"column":33}},"2":{"start":{"line":14,"column":32},"end":{"line":14,"column":47}},"3":{"start":{"line":15,"column":34},"end":{"line":15,"column":53}},"4":{"start":{"line":16,"column":40},"end":{"line":16,"column":51}},"5":{"start":{"line":18,"column":25},"end":{"line":20,"column":3}},"6":{"start":{"line":19,"column":4},"end":{"line":19,"column":49}},"7":{"start":{"line":22,"column":23},"end":{"line":27,"column":3}},"8":{"start":{"line":23,"column":4},"end":{"line":25,"column":7}},"9":{"start":{"line":24,"column":6},"end":{"line":24,"column":29}},"10":{"start":{"line":26,"column":4},"end":{"line":26,"column":21}},"11":{"start":{"line":29,"column":22},"end":{"line":33,"column":3}},"12":{"start":{"line":30,"column":4},"end":{"line":30,"column":22}},"13":{"start":{"line":31,"column":4},"end":{"line":31,"column":19}},"14":{"start":{"line":32,"column":4},"end":{"line":32,"column":22}},"15":{"start":{"line":35,"column":21},"end":{"line":40,"column":3}},"16":{"start":{"line":36,"column":4},"end":{"line":39,"column":23}},"17":{"start":{"line":36,"column":57},"end":{"line":36,"column":74}},"18":{"start":{"line":42,"column":25},"end":{"line":58,"column":3}},"19":{"start":{"line":43,"column":4},"end":{"line":57,"column":6}},"20":{"start":{"line":47,"column":25},"end":{"line":47,"column":42}},"21":{"start":{"line":52,"column":45},"end":{"line":52,"column":61}},"22":{"start":{"line":60,"column":2},"end":{"line":71,"column":4}},"23":{"start":{"line":74,"column":15},"end":{"line":110,"column":2}}},"fnMap":{"0":{"name":"(anonymous_0)","decl":{"start":{"line":12,"column":17},"end":{"line":12,"column":18}},"loc":{"start":{"line":12,"column":45},"end":{"line":72,"column":1}},"line":12},"1":{"name":"(anonymous_1)","decl":{"start":{"line":18,"column":25},"end":{"line":18,"column":26}},"loc":{"start":{"line":18,"column":31},"end":{"line":20,"column":3}},"line":18},"2":{"name":"(anonymous_2)","decl":{"start":{"line":22,"column":23},"end":{"line":22,"column":24}},"loc":{"start":{"line":22,"column":29},"end":{"line":27,"column":3}},"line":22},"3":{"name":"(anonymous_3)","decl":{"start":{"line":23,"column":35},"end":{"line":23,"column":36}},"loc":{"start":{"line":23,"column":65},"end":{"line":25,"column":5}},"line":23},"4":{"name":"(anonymous_4)","decl":{"start":{"line":29,"column":22},"end":{"line":29,"column":23}},"loc":{"start":{"line":29,"column":30},"end":{"line":33,"column":3}},"line":29},"5":{"name":"(anonymous_5)","decl":{"start":{"line":35,"column":21},"end":{"line":35,"column":22}},"loc":{"start":{"line":36,"column":4},"end":{"line":39,"column":23}},"line":36},"6":{"name":"(anonymous_6)","decl":{"start":{"line":36,"column":51},"end":{"line":36,"column":52}},"loc":{"start":{"line":36,"column":57},"end":{"line":36,"column":74}},"line":36},"7":{"name":"(anonymous_7)","decl":{"start":{"line":42,"column":25},"end":{"line":42,"column":26}},"loc":{"start":{"line":42,"column":31},"end":{"line":58,"column":3}},"line":42},"8":{"name":"(anonymous_8)","decl":{"start":{"line":47,"column":19},"end":{"line":47,"column":20}},"loc":{"start":{"line":47,"column":25},"end":{"line":47,"column":42}},"line":47},"9":{"name":"(anonymous_9)","decl":{"start":{"line":52,"column":28},"end":{"line":52,"column":29}},"loc":{"start":{"line":52,"column":45},"end":{"line":52,"column":61}},"line":52}},"branchMap":{"0":{"loc":{"start":{"line":19,"column":4},"end":{"line":19,"column":48}},"type":"cond-expr","locations":[{"start":{"line":19,"column":14},"end":{"line":19,"column":31}},{"start":{"line":19,"column":34},"end":{"line":19,"column":48}}],"line":19},"1":{"loc":{"start":{"line":67,"column":9},"end":{"line":67,"column":44}},"type":"binary-expr","locations":[{"start":{"line":67,"column":10},"end":{"line":67,"column":18}},{"start":{"line":67,"column":22},"end":{"line":67,"column":35}},{"start":{"line":67,"column":40},"end":{"line":67,"column":44}}],"line":67}},"s":{"0":1,"1":0,"2":0,"3":0,"4":0,"5":0,"6":0,"7":0,"8":0,"9":0,"10":0,"11":0,"12":0,"13":0,"14":0,"15":0,"16":0,"17":0,"18":0,"19":0,"20":0,"21":0,"22":0,"23":1},"f":{"0":0,"1":0,"2":0,"3":0,"4":0,"5":0,"6":0,"7":0,"8":0,"9":0},"b":{"0":[0,0],"1":[0,0,0]},"_coverageSchema":"1a1c01bbd47fc00a2c39e90264f33305004495a9","hash":"548eb76cc8df2608486b68ab4d03eff4a52dbf5a"}
,"/Users/chendol/Native/OCBC/src/Components/FloatButton.tsx": {"path":"/Users/chendol/Native/OCBC/src/Components/FloatButton.tsx","statementMap":{"0":{"start":{"line":3,"column":15},"end":{"line":3,"column":35}},"1":{"start":{"line":16,"column":2},"end":{"line":28,"column":4}}},"fnMap":{"0":{"name":"FloatButton","decl":{"start":{"line":5,"column":24},"end":{"line":5,"column":35}},"loc":{"start":{"line":15,"column":3},"end":{"line":29,"column":1}},"line":15}},"branchMap":{"0":{"loc":{"start":{"line":8,"column":2},"end":{"line":8,"column":17}},"type":"default-arg","locations":[{"start":{"line":8,"column":12},"end":{"line":8,"column":17}}],"line":8},"1":{"loc":{"start":{"line":9,"column":2},"end":{"line":9,"column":16}},"type":"default-arg","locations":[{"start":{"line":9,"column":11},"end":{"line":9,"column":16}}],"line":9},"2":{"loc":{"start":{"line":20,"column":15},"end":{"line":20,"column":63}},"type":"cond-expr","locations":[{"start":{"line":20,"column":24},"end":{"line":20,"column":45}},{"start":{"line":20,"column":48},"end":{"line":20,"column":63}}],"line":20},"3":{"loc":{"start":{"line":24,"column":11},"end":{"line":24,"column":37}},"type":"cond-expr","locations":[{"start":{"line":24,"column":21},"end":{"line":24,"column":30}},{"start":{"line":24,"column":33},"end":{"line":24,"column":37}}],"line":24}},"s":{"0":1,"1":0},"f":{"0":0},"b":{"0":[0],"1":[0],"2":[0,0],"3":[0,0]},"_coverageSchema":"1a1c01bbd47fc00a2c39e90264f33305004495a9","hash":"a95b46b91b5fa2500d6c768c390bd1c7d191764f"}
,"/Users/chendol/Native/OCBC/src/Components/Login.tsx": {"path":"/Users/chendol/Native/OCBC/src/Components/Login.tsx","statementMap":{"0":{"start":{"line":15,"column":15},"end":{"line":15,"column":35}},"1":{"start":{"line":26,"column":21},"end":{"line":26,"column":58}},"2":{"start":{"line":27,"column":34},"end":{"line":27,"column":46}},"3":{"start":{"line":28,"column":34},"end":{"line":28,"column":46}},"4":{"start":{"line":29,"column":42},"end":{"line":29,"column":57}},"5":{"start":{"line":31,"column":32},"end":{"line":31,"column":47}},"6":{"start":{"line":32,"column":44},"end":{"line":32,"column":59}},"7":{"start":{"line":33,"column":44},"end":{"line":33,"column":59}},"8":{"start":{"line":35,"column":2},"end":{"line":41,"column":9}},"9":{"start":{"line":36,"column":4},"end":{"line":40,"column":7}},"10":{"start":{"line":37,"column":6},"end":{"line":39,"column":7}},"11":{"start":{"line":38,"column":8},"end":{"line":38,"column":40}},"12":{"start":{"line":43,"column":16},"end":{"line":94,"column":3}},"13":{"start":{"line":44,"column":4},"end":{"line":52,"column":5}},"14":{"start":{"line":45,"column":6},"end":{"line":47,"column":7}},"15":{"start":{"line":46,"column":8},"end":{"line":46,"column":31}},"16":{"start":{"line":48,"column":6},"end":{"line":50,"column":7}},"17":{"start":{"line":49,"column":8},"end":{"line":49,"column":31}},"18":{"start":{"line":51,"column":6},"end":{"line":51,"column":13}},"19":{"start":{"line":53,"column":4},"end":{"line":53,"column":28}},"20":{"start":{"line":54,"column":4},"end":{"line":54,"column":28}},"21":{"start":{"line":55,"column":4},"end":{"line":55,"column":21}},"22":{"start":{"line":56,"column":4},"end":{"line":93,"column":5}},"23":{"start":{"line":57,"column":24},"end":{"line":69,"column":7}},"24":{"start":{"line":71,"column":6},"end":{"line":86,"column":7}},"25":{"start":{"line":72,"column":20},"end":{"line":72,"column":42}},"26":{"start":{"line":73,"column":8},"end":{"line":73,"column":55}},"27":{"start":{"line":74,"column":8},"end":{"line":74,"column":57}},"28":{"start":{"line":75,"column":8},"end":{"line":77,"column":9}},"29":{"start":{"line":76,"column":10},"end":{"line":76,"column":70}},"30":{"start":{"line":79,"column":8},"end":{"line":79,"column":40}},"31":{"start":{"line":81,"column":8},"end":{"line":81,"column":26}},"32":{"start":{"line":82,"column":20},"end":{"line":82,"column":42}},"33":{"start":{"line":83,"column":8},"end":{"line":85,"column":9}},"34":{"start":{"line":84,"column":10},"end":{"line":84,"column":77}},"35":{"start":{"line":88,"column":6},"end":{"line":88,"column":36}},"36":{"start":{"line":89,"column":6},"end":{"line":89,"column":24}},"37":{"start":{"line":90,"column":6},"end":{"line":92,"column":7}},"38":{"start":{"line":91,"column":8},"end":{"line":91,"column":63}},"39":{"start":{"line":96,"column":2},"end":{"line":167,"column":4}},"40":{"start":{"line":110,"column":25},"end":{"line":110,"column":42}},"41":{"start":{"line":111,"column":24},"end":{"line":111,"column":42}},"42":{"start":{"line":113,"column":29},"end":{"line":113,"column":43}},"43":{"start":{"line":130,"column":45},"end":{"line":130,"column":75}},"44":{"start":{"line":140,"column":25},"end":{"line":140,"column":42}},"45":{"start":{"line":141,"column":24},"end":{"line":141,"column":42}},"46":{"start":{"line":143,"column":29},"end":{"line":143,"column":43}}},"fnMap":{"0":{"name":"Login","decl":{"start":{"line":17,"column":24},"end":{"line":17,"column":29}},"loc":{"start":{"line":25,"column":3},"end":{"line":168,"column":1}},"line":25},"1":{"name":"(anonymous_1)","decl":{"start":{"line":35,"column":12},"end":{"line":35,"column":13}},"loc":{"start":{"line":35,"column":18},"end":{"line":41,"column":3}},"line":35},"2":{"name":"(anonymous_2)","decl":{"start":{"line":36,"column":39},"end":{"line":36,"column":40}},"loc":{"start":{"line":36,"column":44},"end":{"line":40,"column":5}},"line":36},"3":{"name":"(anonymous_3)","decl":{"start":{"line":43,"column":16},"end":{"line":43,"column":17}},"loc":{"start":{"line":43,"column":28},"end":{"line":94,"column":3}},"line":43},"4":{"name":"(anonymous_4)","decl":{"start":{"line":110,"column":19},"end":{"line":110,"column":20}},"loc":{"start":{"line":110,"column":25},"end":{"line":110,"column":42}},"line":110},"5":{"name":"(anonymous_5)","decl":{"start":{"line":111,"column":18},"end":{"line":111,"column":19}},"loc":{"start":{"line":111,"column":24},"end":{"line":111,"column":42}},"line":111},"6":{"name":"(anonymous_6)","decl":{"start":{"line":113,"column":24},"end":{"line":113,"column":25}},"loc":{"start":{"line":113,"column":29},"end":{"line":113,"column":43}},"line":113},"7":{"name":"(anonymous_7)","decl":{"start":{"line":130,"column":39},"end":{"line":130,"column":40}},"loc":{"start":{"line":130,"column":45},"end":{"line":130,"column":75}},"line":130},"8":{"name":"(anonymous_8)","decl":{"start":{"line":140,"column":19},"end":{"line":140,"column":20}},"loc":{"start":{"line":140,"column":25},"end":{"line":140,"column":42}},"line":140},"9":{"name":"(anonymous_9)","decl":{"start":{"line":141,"column":18},"end":{"line":141,"column":19}},"loc":{"start":{"line":141,"column":24},"end":{"line":141,"column":42}},"line":141},"10":{"name":"(anonymous_10)","decl":{"start":{"line":143,"column":24},"end":{"line":143,"column":25}},"loc":{"start":{"line":143,"column":29},"end":{"line":143,"column":43}},"line":143}},"branchMap":{"0":{"loc":{"start":{"line":37,"column":6},"end":{"line":39,"column":7}},"type":"if","locations":[{"start":{"line":37,"column":6},"end":{"line":39,"column":7}},{"start":{},"end":{}}],"line":37},"1":{"loc":{"start":{"line":44,"column":4},"end":{"line":52,"column":5}},"type":"if","locations":[{"start":{"line":44,"column":4},"end":{"line":52,"column":5}},{"start":{},"end":{}}],"line":44},"2":{"loc":{"start":{"line":44,"column":8},"end":{"line":44,"column":30}},"type":"binary-expr","locations":[{"start":{"line":44,"column":8},"end":{"line":44,"column":17}},{"start":{"line":44,"column":21},"end":{"line":44,"column":30}}],"line":44},"3":{"loc":{"start":{"line":45,"column":6},"end":{"line":47,"column":7}},"type":"if","locations":[{"start":{"line":45,"column":6},"end":{"line":47,"column":7}},{"start":{},"end":{}}],"line":45},"4":{"loc":{"start":{"line":48,"column":6},"end":{"line":50,"column":7}},"type":"if","locations":[{"start":{"line":48,"column":6},"end":{"line":50,"column":7}},{"start":{},"end":{}}],"line":48},"5":{"loc":{"start":{"line":71,"column":6},"end":{"line":86,"column":7}},"type":"if","locations":[{"start":{"line":71,"column":6},"end":{"line":86,"column":7}},{"start":{"line":80,"column":13},"end":{"line":86,"column":7}}],"line":71},"6":{"loc":{"start":{"line":75,"column":8},"end":{"line":77,"column":9}},"type":"if","locations":[{"start":{"line":75,"column":8},"end":{"line":77,"column":9}},{"start":{},"end":{}}],"line":75},"7":{"loc":{"start":{"line":83,"column":8},"end":{"line":85,"column":9}},"type":"if","locations":[{"start":{"line":83,"column":8},"end":{"line":85,"column":9}},{"start":{},"end":{}}],"line":83},"8":{"loc":{"start":{"line":90,"column":6},"end":{"line":92,"column":7}},"type":"if","locations":[{"start":{"line":90,"column":6},"end":{"line":92,"column":7}},{"start":{},"end":{}}],"line":90},"9":{"loc":{"start":{"line":119,"column":9},"end":{"line":123,"column":9}},"type":"binary-expr","locations":[{"start":{"line":119,"column":9},"end":{"line":119,"column":22}},{"start":{"line":120,"column":10},"end":{"line":122,"column":17}}],"line":119},"10":{"loc":{"start":{"line":132,"column":22},"end":{"line":132,"column":54}},"type":"cond-expr","locations":[{"start":{"line":132,"column":37},"end":{"line":132,"column":42}},{"start":{"line":132,"column":45},"end":{"line":132,"column":54}}],"line":132},"11":{"loc":{"start":{"line":150,"column":9},"end":{"line":154,"column":9}},"type":"binary-expr","locations":[{"start":{"line":150,"column":9},"end":{"line":150,"column":22}},{"start":{"line":151,"column":10},"end":{"line":153,"column":17}}],"line":150},"12":{"loc":{"start":{"line":163,"column":42},"end":{"line":163,"column":70}},"type":"cond-expr","locations":[{"start":{"line":163,"column":52},"end":{"line":163,"column":61}},{"start":{"line":163,"column":64},"end":{"line":163,"column":70}}],"line":163}},"s":{"0":1,"1":6,"2":6,"3":6,"4":6,"5":6,"6":6,"7":6,"8":6,"9":2,"10":2,"11":0,"12":6,"13":2,"14":1,"15":1,"16":1,"17":1,"18":1,"19":1,"20":1,"21":1,"22":1,"23":1,"24":1,"25":1,"26":1,"27":1,"28":1,"29":0,"30":1,"31":0,"32":0,"33":0,"34":0,"35":0,"36":0,"37":0,"38":0,"39":6,"40":0,"41":0,"42":1,"43":0,"44":0,"45":0,"46":1},"f":{"0":6,"1":2,"2":2,"3":2,"4":0,"5":0,"6":1,"7":0,"8":0,"9":0,"10":1},"b":{"0":[0,2],"1":[1,1],"2":[2,1],"3":[1,0],"4":[1,0],"5":[1,0],"6":[0,1],"7":[0,0],"8":[0,0],"9":[6,1],"10":[0,6],"11":[6,1],"12":[1,5]},"_coverageSchema":"1a1c01bbd47fc00a2c39e90264f33305004495a9","hash":"962d6d54e604f44c6f3c3f20b1e5c1f4ce7e476d"}
,"/Users/chendol/Native/OCBC/src/Components/Register.tsx": {"path":"/Users/chendol/Native/OCBC/src/Components/Register.tsx","statementMap":{"0":{"start":{"line":15,"column":15},"end":{"line":15,"column":35}},"1":{"start":{"line":28,"column":21},"end":{"line":28,"column":58}},"2":{"start":{"line":30,"column":34},"end":{"line":30,"column":46}},"3":{"start":{"line":31,"column":34},"end":{"line":31,"column":46}},"4":{"start":{"line":32,"column":48},"end":{"line":32,"column":60}},"5":{"start":{"line":34,"column":42},"end":{"line":34,"column":57}},"6":{"start":{"line":35,"column":56},"end":{"line":35,"column":71}},"7":{"start":{"line":37,"column":44},"end":{"line":37,"column":59}},"8":{"start":{"line":38,"column":44},"end":{"line":38,"column":59}},"9":{"start":{"line":39,"column":58},"end":{"line":39,"column":73}},"10":{"start":{"line":40,"column":52},"end":{"line":40,"column":67}},"11":{"start":{"line":42,"column":32},"end":{"line":42,"column":47}},"12":{"start":{"line":44,"column":19},"end":{"line":114,"column":3}},"13":{"start":{"line":45,"column":4},"end":{"line":73,"column":5}},"14":{"start":{"line":51,"column":6},"end":{"line":55,"column":7}},"15":{"start":{"line":52,"column":8},"end":{"line":52,"column":31}},"16":{"start":{"line":54,"column":8},"end":{"line":54,"column":32}},"17":{"start":{"line":56,"column":6},"end":{"line":60,"column":7}},"18":{"start":{"line":57,"column":8},"end":{"line":57,"column":31}},"19":{"start":{"line":59,"column":8},"end":{"line":59,"column":32}},"20":{"start":{"line":61,"column":6},"end":{"line":65,"column":7}},"21":{"start":{"line":62,"column":8},"end":{"line":62,"column":38}},"22":{"start":{"line":64,"column":8},"end":{"line":64,"column":39}},"23":{"start":{"line":66,"column":6},"end":{"line":70,"column":7}},"24":{"start":{"line":67,"column":8},"end":{"line":67,"column":35}},"25":{"start":{"line":69,"column":8},"end":{"line":69,"column":36}},"26":{"start":{"line":72,"column":6},"end":{"line":72,"column":13}},"27":{"start":{"line":75,"column":4},"end":{"line":75,"column":28}},"28":{"start":{"line":76,"column":4},"end":{"line":76,"column":28}},"29":{"start":{"line":77,"column":4},"end":{"line":77,"column":35}},"30":{"start":{"line":78,"column":4},"end":{"line":78,"column":32}},"31":{"start":{"line":79,"column":4},"end":{"line":79,"column":21}},"32":{"start":{"line":81,"column":4},"end":{"line":113,"column":5}},"33":{"start":{"line":82,"column":27},"end":{"line":94,"column":7}},"34":{"start":{"line":96,"column":6},"end":{"line":110,"column":7}},"35":{"start":{"line":97,"column":20},"end":{"line":97,"column":45}},"36":{"start":{"line":98,"column":8},"end":{"line":98,"column":55}},"37":{"start":{"line":99,"column":8},"end":{"line":99,"column":57}},"38":{"start":{"line":100,"column":8},"end":{"line":102,"column":9}},"39":{"start":{"line":101,"column":10},"end":{"line":101,"column":70}},"40":{"start":{"line":103,"column":8},"end":{"line":103,"column":40}},"41":{"start":{"line":105,"column":20},"end":{"line":105,"column":45}},"42":{"start":{"line":106,"column":8},"end":{"line":106,"column":26}},"43":{"start":{"line":107,"column":8},"end":{"line":109,"column":9}},"44":{"start":{"line":108,"column":10},"end":{"line":108,"column":80}},"45":{"start":{"line":116,"column":2},"end":{"line":224,"column":4}},"46":{"start":{"line":131,"column":29},"end":{"line":131,"column":43}},"47":{"start":{"line":132,"column":25},"end":{"line":132,"column":42}},"48":{"start":{"line":133,"column":24},"end":{"line":133,"column":42}},"49":{"start":{"line":150,"column":45},"end":{"line":150,"column":75}},"50":{"start":{"line":160,"column":25},"end":{"line":160,"column":42}},"51":{"start":{"line":161,"column":24},"end":{"line":161,"column":42}},"52":{"start":{"line":163,"column":29},"end":{"line":163,"column":43}},"53":{"start":{"line":182,"column":29},"end":{"line":182,"column":73}},"54":{"start":{"line":192,"column":25},"end":{"line":192,"column":42}},"55":{"start":{"line":193,"column":24},"end":{"line":193,"column":42}},"56":{"start":{"line":194,"column":29},"end":{"line":194,"column":50}}},"fnMap":{"0":{"name":"Register","decl":{"start":{"line":17,"column":24},"end":{"line":17,"column":32}},"loc":{"start":{"line":27,"column":3},"end":{"line":225,"column":1}},"line":27},"1":{"name":"(anonymous_1)","decl":{"start":{"line":44,"column":19},"end":{"line":44,"column":20}},"loc":{"start":{"line":44,"column":31},"end":{"line":114,"column":3}},"line":44},"2":{"name":"(anonymous_2)","decl":{"start":{"line":131,"column":24},"end":{"line":131,"column":25}},"loc":{"start":{"line":131,"column":29},"end":{"line":131,"column":43}},"line":131},"3":{"name":"(anonymous_3)","decl":{"start":{"line":132,"column":19},"end":{"line":132,"column":20}},"loc":{"start":{"line":132,"column":25},"end":{"line":132,"column":42}},"line":132},"4":{"name":"(anonymous_4)","decl":{"start":{"line":133,"column":18},"end":{"line":133,"column":19}},"loc":{"start":{"line":133,"column":24},"end":{"line":133,"column":42}},"line":133},"5":{"name":"(anonymous_5)","decl":{"start":{"line":150,"column":39},"end":{"line":150,"column":40}},"loc":{"start":{"line":150,"column":45},"end":{"line":150,"column":75}},"line":150},"6":{"name":"(anonymous_6)","decl":{"start":{"line":160,"column":19},"end":{"line":160,"column":20}},"loc":{"start":{"line":160,"column":25},"end":{"line":160,"column":42}},"line":160},"7":{"name":"(anonymous_7)","decl":{"start":{"line":161,"column":18},"end":{"line":161,"column":19}},"loc":{"start":{"line":161,"column":24},"end":{"line":161,"column":42}},"line":161},"8":{"name":"(anonymous_8)","decl":{"start":{"line":163,"column":24},"end":{"line":163,"column":25}},"loc":{"start":{"line":163,"column":29},"end":{"line":163,"column":43}},"line":163},"9":{"name":"(anonymous_9)","decl":{"start":{"line":182,"column":23},"end":{"line":182,"column":24}},"loc":{"start":{"line":182,"column":29},"end":{"line":182,"column":73}},"line":182},"10":{"name":"(anonymous_10)","decl":{"start":{"line":192,"column":19},"end":{"line":192,"column":20}},"loc":{"start":{"line":192,"column":25},"end":{"line":192,"column":42}},"line":192},"11":{"name":"(anonymous_11)","decl":{"start":{"line":193,"column":18},"end":{"line":193,"column":19}},"loc":{"start":{"line":193,"column":24},"end":{"line":193,"column":42}},"line":193},"12":{"name":"(anonymous_12)","decl":{"start":{"line":194,"column":24},"end":{"line":194,"column":25}},"loc":{"start":{"line":194,"column":29},"end":{"line":194,"column":50}},"line":194}},"branchMap":{"0":{"loc":{"start":{"line":45,"column":4},"end":{"line":73,"column":5}},"type":"if","locations":[{"start":{"line":45,"column":4},"end":{"line":73,"column":5}},{"start":{},"end":{}}],"line":45},"1":{"loc":{"start":{"line":46,"column":6},"end":{"line":49,"column":34}},"type":"binary-expr","locations":[{"start":{"line":46,"column":6},"end":{"line":46,"column":15}},{"start":{"line":47,"column":6},"end":{"line":47,"column":15}},{"start":{"line":48,"column":6},"end":{"line":48,"column":22}},{"start":{"line":49,"column":6},"end":{"line":49,"column":34}}],"line":46},"2":{"loc":{"start":{"line":51,"column":6},"end":{"line":55,"column":7}},"type":"if","locations":[{"start":{"line":51,"column":6},"end":{"line":55,"column":7}},{"start":{"line":53,"column":13},"end":{"line":55,"column":7}}],"line":51},"3":{"loc":{"start":{"line":56,"column":6},"end":{"line":60,"column":7}},"type":"if","locations":[{"start":{"line":56,"column":6},"end":{"line":60,"column":7}},{"start":{"line":58,"column":13},"end":{"line":60,"column":7}}],"line":56},"4":{"loc":{"start":{"line":61,"column":6},"end":{"line":65,"column":7}},"type":"if","locations":[{"start":{"line":61,"column":6},"end":{"line":65,"column":7}},{"start":{"line":63,"column":13},"end":{"line":65,"column":7}}],"line":61},"5":{"loc":{"start":{"line":66,"column":6},"end":{"line":70,"column":7}},"type":"if","locations":[{"start":{"line":66,"column":6},"end":{"line":70,"column":7}},{"start":{"line":68,"column":13},"end":{"line":70,"column":7}}],"line":66},"6":{"loc":{"start":{"line":96,"column":6},"end":{"line":110,"column":7}},"type":"if","locations":[{"start":{"line":96,"column":6},"end":{"line":110,"column":7}},{"start":{"line":104,"column":13},"end":{"line":110,"column":7}}],"line":96},"7":{"loc":{"start":{"line":100,"column":8},"end":{"line":102,"column":9}},"type":"if","locations":[{"start":{"line":100,"column":8},"end":{"line":102,"column":9}},{"start":{},"end":{}}],"line":100},"8":{"loc":{"start":{"line":107,"column":8},"end":{"line":109,"column":9}},"type":"if","locations":[{"start":{"line":107,"column":8},"end":{"line":109,"column":9}},{"start":{},"end":{}}],"line":107},"9":{"loc":{"start":{"line":139,"column":9},"end":{"line":143,"column":9}},"type":"binary-expr","locations":[{"start":{"line":139,"column":9},"end":{"line":139,"column":22}},{"start":{"line":140,"column":10},"end":{"line":142,"column":17}}],"line":139},"10":{"loc":{"start":{"line":152,"column":22},"end":{"line":152,"column":54}},"type":"cond-expr","locations":[{"start":{"line":152,"column":37},"end":{"line":152,"column":42}},{"start":{"line":152,"column":45},"end":{"line":152,"column":54}}],"line":152},"11":{"loc":{"start":{"line":170,"column":9},"end":{"line":174,"column":9}},"type":"binary-expr","locations":[{"start":{"line":170,"column":9},"end":{"line":170,"column":22}},{"start":{"line":171,"column":10},"end":{"line":173,"column":17}}],"line":170},"12":{"loc":{"start":{"line":184,"column":22},"end":{"line":184,"column":61}},"type":"cond-expr","locations":[{"start":{"line":184,"column":44},"end":{"line":184,"column":49}},{"start":{"line":184,"column":52},"end":{"line":184,"column":61}}],"line":184},"13":{"loc":{"start":{"line":202,"column":9},"end":{"line":206,"column":9}},"type":"binary-expr","locations":[{"start":{"line":202,"column":9},"end":{"line":202,"column":29}},{"start":{"line":203,"column":10},"end":{"line":205,"column":17}}],"line":202},"14":{"loc":{"start":{"line":207,"column":9},"end":{"line":209,"column":9}},"type":"binary-expr","locations":[{"start":{"line":207,"column":9},"end":{"line":207,"column":26}},{"start":{"line":208,"column":10},"end":{"line":208,"column":75}}],"line":207},"15":{"loc":{"start":{"line":219,"column":13},"end":{"line":219,"column":44}},"type":"cond-expr","locations":[{"start":{"line":219,"column":23},"end":{"line":219,"column":35}},{"start":{"line":219,"column":38},"end":{"line":219,"column":44}}],"line":219}},"s":{"0":1,"1":7,"2":7,"3":7,"4":7,"5":7,"6":7,"7":7,"8":7,"9":7,"10":7,"11":7,"12":7,"13":2,"14":1,"15":1,"16":0,"17":1,"18":1,"19":0,"20":1,"21":1,"22":0,"23":1,"24":0,"25":1,"26":1,"27":1,"28":1,"29":1,"30":1,"31":1,"32":1,"33":1,"34":1,"35":1,"36":1,"37":1,"38":1,"39":0,"40":1,"41":0,"42":0,"43":0,"44":0,"45":7,"46":1,"47":0,"48":0,"49":0,"50":0,"51":0,"52":1,"53":0,"54":0,"55":0,"56":1},"f":{"0":7,"1":2,"2":1,"3":0,"4":0,"5":0,"6":0,"7":0,"8":1,"9":0,"10":0,"11":0,"12":1},"b":{"0":[1,1],"1":[2,1,1,1],"2":[1,0],"3":[1,0],"4":[1,0],"5":[0,1],"6":[1,0],"7":[0,1],"8":[0,0],"9":[7,1],"10":[0,7],"11":[7,1],"12":[0,7],"13":[7,1],"14":[7,0],"15":[1,6]},"_coverageSchema":"1a1c01bbd47fc00a2c39e90264f33305004495a9","hash":"510e5795c4fb409338a7e06127644a32d6344ef1"}
,"/Users/chendol/Native/OCBC/src/Images/Transfer.js": {"path":"/Users/chendol/Native/OCBC/src/Images/Transfer.js","statementMap":{"0":{"start":{"line":6,"column":2},"end":{"line":286,"column":4}}},"fnMap":{"0":{"name":"SvgComponent","decl":{"start":{"line":5,"column":9},"end":{"line":5,"column":21}},"loc":{"start":{"line":5,"column":29},"end":{"line":287,"column":1}},"line":5}},"branchMap":{},"s":{"0":0},"f":{"0":0},"b":{},"_coverageSchema":"1a1c01bbd47fc00a2c39e90264f33305004495a9","hash":"819738821064055bc44b5ae8f29ee8007c91bf29"}
,"/Users/chendol/Native/OCBC/src/Images/ocbc.png": {"path":"/Users/chendol/Native/OCBC/src/Images/ocbc.png","statementMap":{"0":{"start":{"line":1,"column":0},"end":{"line":4,"column":6}}},"fnMap":{},"branchMap":{},"s":{"0":1},"f":{},"b":{},"inputSourceMap":null,"_coverageSchema":"1a1c01bbd47fc00a2c39e90264f33305004495a9","hash":"5b95843deb6c32f431a7ae42df838b5f2e9f9c65"}
,"/Users/chendol/Native/OCBC/src/Pages/Auth.tsx": {"path":"/Users/chendol/Native/OCBC/src/Pages/Auth.tsx","statementMap":{"0":{"start":{"line":8,"column":15},"end":{"line":8,"column":35}},"1":{"start":{"line":9,"column":13},"end":{"line":9,"column":42}},"2":{"start":{"line":12,"column":26},"end":{"line":12,"column":43}},"3":{"start":{"line":13,"column":34},"end":{"line":13,"column":49}},"4":{"start":{"line":15,"column":2},"end":{"line":54,"column":4}},"5":{"start":{"line":26,"column":25},"end":{"line":26,"column":41}},"6":{"start":{"line":34,"column":25},"end":{"line":34,"column":44}}},"fnMap":{"0":{"name":"Auth","decl":{"start":{"line":11,"column":24},"end":{"line":11,"column":28}},"loc":{"start":{"line":11,"column":31},"end":{"line":55,"column":1}},"line":11},"1":{"name":"(anonymous_1)","decl":{"start":{"line":26,"column":19},"end":{"line":26,"column":20}},"loc":{"start":{"line":26,"column":25},"end":{"line":26,"column":41}},"line":26},"2":{"name":"(anonymous_2)","decl":{"start":{"line":34,"column":19},"end":{"line":34,"column":20}},"loc":{"start":{"line":34,"column":25},"end":{"line":34,"column":44}},"line":34}},"branchMap":{"0":{"loc":{"start":{"line":17,"column":19},"end":{"line":17,"column":61}},"type":"cond-expr","locations":[{"start":{"line":17,"column":30},"end":{"line":17,"column":47}},{"start":{"line":17,"column":50},"end":{"line":17,"column":61}}],"line":17},"1":{"loc":{"start":{"line":25,"column":17},"end":{"line":25,"column":72}},"type":"cond-expr","locations":[{"start":{"line":25,"column":35},"end":{"line":25,"column":51}},{"start":{"line":25,"column":54},"end":{"line":25,"column":72}}],"line":25},"2":{"loc":{"start":{"line":27,"column":23},"end":{"line":27,"column":76}},"type":"cond-expr","locations":[{"start":{"line":27,"column":41},"end":{"line":27,"column":57}},{"start":{"line":27,"column":60},"end":{"line":27,"column":76}}],"line":27},"3":{"loc":{"start":{"line":33,"column":17},"end":{"line":33,"column":75}},"type":"cond-expr","locations":[{"start":{"line":33,"column":38},"end":{"line":33,"column":54}},{"start":{"line":33,"column":57},"end":{"line":33,"column":75}}],"line":33},"4":{"loc":{"start":{"line":36,"column":19},"end":{"line":36,"column":75}},"type":"cond-expr","locations":[{"start":{"line":36,"column":40},"end":{"line":36,"column":56}},{"start":{"line":36,"column":59},"end":{"line":36,"column":75}}],"line":36},"5":{"loc":{"start":{"line":42,"column":7},"end":{"line":51,"column":7}},"type":"cond-expr","locations":[{"start":{"line":43,"column":8},"end":{"line":43,"column":76}},{"start":{"line":45,"column":8},"end":{"line":50,"column":10}}],"line":42}},"s":{"0":1,"1":1,"2":0,"3":0,"4":0,"5":0,"6":0},"f":{"0":0,"1":0,"2":0},"b":{"0":[0,0],"1":[0,0],"2":[0,0],"3":[0,0],"4":[0,0],"5":[0,0]},"_coverageSchema":"1a1c01bbd47fc00a2c39e90264f33305004495a9","hash":"0f730a94b04f1ee864b827b4ef1f84a32d3400ff"}
,"/Users/chendol/Native/OCBC/src/Pages/Dashboard.tsx": {"path":"/Users/chendol/Native/OCBC/src/Pages/Dashboard.tsx","statementMap":{"0":{"start":{"line":22,"column":15},"end":{"line":22,"column":35}},"1":{"start":{"line":40,"column":34},"end":{"line":40,"column":46}},"2":{"start":{"line":41,"column":32},"end":{"line":41,"column":46}},"3":{"start":{"line":42,"column":40},"end":{"line":42,"column":52}},"4":{"start":{"line":43,"column":32},"end":{"line":43,"column":66}},"5":{"start":{"line":44,"column":28},"end":{"line":44,"column":60}},"6":{"start":{"line":45,"column":34},"end":{"line":45,"column":49}},"7":{"start":{"line":46,"column":44},"end":{"line":46,"column":59}},"8":{"start":{"line":47,"column":21},"end":{"line":47,"column":58}},"9":{"start":{"line":48,"column":20},"end":{"line":48,"column":58}},"10":{"start":{"line":50,"column":20},"end":{"line":80,"column":3}},"11":{"start":{"line":51,"column":18},"end":{"line":51,"column":53}},"12":{"start":{"line":52,"column":4},"end":{"line":79,"column":5}},"13":{"start":{"line":53,"column":22},"end":{"line":64,"column":8}},"14":{"start":{"line":66,"column":6},"end":{"line":75,"column":7}},"15":{"start":{"line":67,"column":20},"end":{"line":67,"column":77}},"16":{"start":{"line":67,"column":61},"end":{"line":67,"column":75}},"17":{"start":{"line":69,"column":8},"end":{"line":69,"column":27}},"18":{"start":{"line":70,"column":8},"end":{"line":70,"column":36}},"19":{"start":{"line":72,"column":8},"end":{"line":72,"column":51}},"20":{"start":{"line":73,"column":8},"end":{"line":73,"column":47}},"21":{"start":{"line":74,"column":8},"end":{"line":74,"column":35}},"22":{"start":{"line":76,"column":6},"end":{"line":76,"column":24}},"23":{"start":{"line":78,"column":6},"end":{"line":78,"column":35}},"24":{"start":{"line":82,"column":2},"end":{"line":100,"column":19}},"25":{"start":{"line":83,"column":4},"end":{"line":87,"column":7}},"26":{"start":{"line":84,"column":6},"end":{"line":86,"column":7}},"27":{"start":{"line":85,"column":8},"end":{"line":85,"column":23}},"28":{"start":{"line":89,"column":4},"end":{"line":89,"column":16}},"29":{"start":{"line":91,"column":24},"end":{"line":93,"column":6}},"30":{"start":{"line":92,"column":6},"end":{"line":92,"column":18}},"31":{"start":{"line":95,"column":4},"end":{"line":99,"column":6}},"32":{"start":{"line":96,"column":6},"end":{"line":96,"column":18}},"33":{"start":{"line":97,"column":6},"end":{"line":97,"column":23}},"34":{"start":{"line":98,"column":6},"end":{"line":98,"column":25}},"35":{"start":{"line":102,"column":26},"end":{"line":109,"column":3}},"36":{"start":{"line":103,"column":4},"end":{"line":107,"column":15}},"37":{"start":{"line":108,"column":4},"end":{"line":108,"column":37}},"38":{"start":{"line":111,"column":2},"end":{"line":118,"column":3}},"39":{"start":{"line":112,"column":4},"end":{"line":117,"column":6}},"40":{"start":{"line":120,"column":2},"end":{"line":279,"column":4}},"41":{"start":{"line":134,"column":33},"end":{"line":134,"column":50}},"42":{"start":{"line":162,"column":14},"end":{"line":164,"column":29}},"43":{"start":{"line":165,"column":12},"end":{"line":172,"column":14}},"44":{"start":{"line":168,"column":18},"end":{"line":168,"column":46}},"45":{"start":{"line":175,"column":38},"end":{"line":175,"column":48}},"46":{"start":{"line":181,"column":20},"end":{"line":181,"column":51}},"47":{"start":{"line":187,"column":31},"end":{"line":187,"column":45}},"48":{"start":{"line":188,"column":33},"end":{"line":188,"column":47}},"49":{"start":{"line":243,"column":14},"end":{"line":243,"column":29}},"50":{"start":{"line":252,"column":31},"end":{"line":252,"column":49}},"51":{"start":{"line":253,"column":33},"end":{"line":253,"column":51}},"52":{"start":{"line":263,"column":16},"end":{"line":263,"column":55}},"53":{"start":{"line":264,"column":16},"end":{"line":264,"column":43}},"54":{"start":{"line":271,"column":16},"end":{"line":271,"column":35}}},"fnMap":{"0":{"name":"Dashboard","decl":{"start":{"line":39,"column":24},"end":{"line":39,"column":33}},"loc":{"start":{"line":39,"column":36},"end":{"line":280,"column":1}},"line":39},"1":{"name":"(anonymous_1)","decl":{"start":{"line":50,"column":20},"end":{"line":50,"column":21}},"loc":{"start":{"line":50,"column":32},"end":{"line":80,"column":3}},"line":50},"2":{"name":"(anonymous_2)","decl":{"start":{"line":67,"column":50},"end":{"line":67,"column":51}},"loc":{"start":{"line":67,"column":61},"end":{"line":67,"column":75}},"line":67},"3":{"name":"(anonymous_3)","decl":{"start":{"line":82,"column":12},"end":{"line":82,"column":13}},"loc":{"start":{"line":82,"column":18},"end":{"line":100,"column":3}},"line":82},"4":{"name":"(anonymous_4)","decl":{"start":{"line":83,"column":42},"end":{"line":83,"column":43}},"loc":{"start":{"line":83,"column":47},"end":{"line":87,"column":5}},"line":83},"5":{"name":"(anonymous_5)","decl":{"start":{"line":91,"column":56},"end":{"line":91,"column":57}},"loc":{"start":{"line":91,"column":62},"end":{"line":93,"column":5}},"line":91},"6":{"name":"(anonymous_6)","decl":{"start":{"line":95,"column":11},"end":{"line":95,"column":12}},"loc":{"start":{"line":95,"column":17},"end":{"line":99,"column":5}},"line":95},"7":{"name":"(anonymous_7)","decl":{"start":{"line":102,"column":26},"end":{"line":102,"column":27}},"loc":{"start":{"line":102,"column":32},"end":{"line":109,"column":3}},"line":102},"8":{"name":"(anonymous_8)","decl":{"start":{"line":134,"column":21},"end":{"line":134,"column":22}},"loc":{"start":{"line":134,"column":33},"end":{"line":134,"column":50}},"line":134},"9":{"name":"(anonymous_9)","decl":{"start":{"line":160,"column":22},"end":{"line":160,"column":23}},"loc":{"start":{"line":160,"column":39},"end":{"line":173,"column":11}},"line":160},"10":{"name":"(anonymous_10)","decl":{"start":{"line":167,"column":25},"end":{"line":167,"column":26}},"loc":{"start":{"line":167,"column":31},"end":{"line":169,"column":17}},"line":167},"11":{"name":"(anonymous_11)","decl":{"start":{"line":175,"column":24},"end":{"line":175,"column":25}},"loc":{"start":{"line":175,"column":38},"end":{"line":175,"column":48}},"line":175},"12":{"name":"(anonymous_12)","decl":{"start":{"line":181,"column":14},"end":{"line":181,"column":15}},"loc":{"start":{"line":181,"column":20},"end":{"line":181,"column":51}},"line":181},"13":{"name":"(anonymous_13)","decl":{"start":{"line":187,"column":25},"end":{"line":187,"column":26}},"loc":{"start":{"line":187,"column":31},"end":{"line":187,"column":45}},"line":187},"14":{"name":"(anonymous_14)","decl":{"start":{"line":188,"column":27},"end":{"line":188,"column":28}},"loc":{"start":{"line":188,"column":33},"end":{"line":188,"column":47}},"line":188},"15":{"name":"(anonymous_15)","decl":{"start":{"line":242,"column":21},"end":{"line":242,"column":22}},"loc":{"start":{"line":242,"column":27},"end":{"line":244,"column":13}},"line":242},"16":{"name":"(anonymous_16)","decl":{"start":{"line":252,"column":25},"end":{"line":252,"column":26}},"loc":{"start":{"line":252,"column":31},"end":{"line":252,"column":49}},"line":252},"17":{"name":"(anonymous_17)","decl":{"start":{"line":253,"column":27},"end":{"line":253,"column":28}},"loc":{"start":{"line":253,"column":33},"end":{"line":253,"column":51}},"line":253},"18":{"name":"(anonymous_18)","decl":{"start":{"line":261,"column":23},"end":{"line":261,"column":24}},"loc":{"start":{"line":261,"column":35},"end":{"line":265,"column":15}},"line":261},"19":{"name":"(anonymous_19)","decl":{"start":{"line":270,"column":23},"end":{"line":270,"column":24}},"loc":{"start":{"line":270,"column":35},"end":{"line":272,"column":15}},"line":270}},"branchMap":{"0":{"loc":{"start":{"line":66,"column":6},"end":{"line":75,"column":7}},"type":"if","locations":[{"start":{"line":66,"column":6},"end":{"line":75,"column":7}},{"start":{"line":71,"column":13},"end":{"line":75,"column":7}}],"line":66},"1":{"loc":{"start":{"line":66,"column":10},"end":{"line":66,"column":40}},"type":"binary-expr","locations":[{"start":{"line":66,"column":10},"end":{"line":66,"column":23}},{"start":{"line":66,"column":27},"end":{"line":66,"column":40}}],"line":66},"2":{"loc":{"start":{"line":84,"column":6},"end":{"line":86,"column":7}},"type":"if","locations":[{"start":{"line":84,"column":6},"end":{"line":86,"column":7}},{"start":{},"end":{}}],"line":84},"3":{"loc":{"start":{"line":104,"column":15},"end":{"line":104,"column":37}},"type":"cond-expr","locations":[{"start":{"line":104,"column":31},"end":{"line":104,"column":33}},{"start":{"line":104,"column":36},"end":{"line":104,"column":37}}],"line":104},"4":{"loc":{"start":{"line":111,"column":2},"end":{"line":118,"column":3}},"type":"if","locations":[{"start":{"line":111,"column":2},"end":{"line":118,"column":3}},{"start":{},"end":{}}],"line":111},"5":{"loc":{"start":{"line":162,"column":14},"end":{"line":164,"column":29}},"type":"cond-expr","locations":[{"start":{"line":163,"column":18},"end":{"line":163,"column":33}},{"start":{"line":164,"column":18},"end":{"line":164,"column":29}}],"line":162},"6":{"loc":{"start":{"line":186,"column":19},"end":{"line":186,"column":39}},"type":"cond-expr","locations":[{"start":{"line":186,"column":27},"end":{"line":186,"column":31}},{"start":{"line":186,"column":34},"end":{"line":186,"column":39}}],"line":186}},"s":{"0":1,"1":0,"2":0,"3":0,"4":0,"5":0,"6":0,"7":0,"8":0,"9":0,"10":0,"11":0,"12":0,"13":0,"14":0,"15":0,"16":0,"17":0,"18":0,"19":0,"20":0,"21":0,"22":0,"23":0,"24":0,"25":0,"26":0,"27":0,"28":0,"29":0,"30":0,"31":0,"32":0,"33":0,"34":0,"35":0,"36":0,"37":0,"38":0,"39":0,"40":0,"41":0,"42":0,"43":0,"44":0,"45":0,"46":0,"47":0,"48":0,"49":0,"50":0,"51":0,"52":0,"53":0,"54":0},"f":{"0":0,"1":0,"2":0,"3":0,"4":0,"5":0,"6":0,"7":0,"8":0,"9":0,"10":0,"11":0,"12":0,"13":0,"14":0,"15":0,"16":0,"17":0,"18":0,"19":0},"b":{"0":[0,0],"1":[0,0],"2":[0,0],"3":[0,0],"4":[0,0],"5":[0,0],"6":[0,0]},"_coverageSchema":"1a1c01bbd47fc00a2c39e90264f33305004495a9","hash":"c63e1e4a9423895aa373612ea044ba74b9b0e82f"}
,"/Users/chendol/Native/OCBC/src/Pages/Transfer.tsx": {"path":"/Users/chendol/Native/OCBC/src/Pages/Transfer.tsx","statementMap":{"0":{"start":{"line":17,"column":15},"end":{"line":17,"column":35}},"1":{"start":{"line":26,"column":21},"end":{"line":26,"column":58}},"2":{"start":{"line":27,"column":36},"end":{"line":27,"column":48}},"3":{"start":{"line":28,"column":28},"end":{"line":28,"column":66}},"4":{"start":{"line":29,"column":30},"end":{"line":29,"column":42}},"5":{"start":{"line":30,"column":40},"end":{"line":30,"column":52}},"6":{"start":{"line":31,"column":32},"end":{"line":31,"column":47}},"7":{"start":{"line":32,"column":38},"end":{"line":32,"column":53}},"8":{"start":{"line":33,"column":40},"end":{"line":33,"column":55}},"9":{"start":{"line":34,"column":36},"end":{"line":34,"column":51}},"10":{"start":{"line":36,"column":20},"end":{"line":52,"column":3}},"11":{"start":{"line":37,"column":18},"end":{"line":37,"column":53}},"12":{"start":{"line":39,"column":21},"end":{"line":46,"column":5}},"13":{"start":{"line":48,"column":4},"end":{"line":51,"column":5}},"14":{"start":{"line":49,"column":18},"end":{"line":49,"column":39}},"15":{"start":{"line":50,"column":6},"end":{"line":50,"column":29}},"16":{"start":{"line":53,"column":2},"end":{"line":55,"column":9}},"17":{"start":{"line":54,"column":4},"end":{"line":54,"column":16}},"18":{"start":{"line":57,"column":23},"end":{"line":112,"column":3}},"19":{"start":{"line":58,"column":4},"end":{"line":69,"column":5}},"20":{"start":{"line":59,"column":6},"end":{"line":61,"column":7}},"21":{"start":{"line":60,"column":8},"end":{"line":60,"column":28}},"22":{"start":{"line":62,"column":6},"end":{"line":64,"column":7}},"23":{"start":{"line":63,"column":8},"end":{"line":63,"column":29}},"24":{"start":{"line":65,"column":6},"end":{"line":67,"column":7}},"25":{"start":{"line":66,"column":8},"end":{"line":66,"column":27}},"26":{"start":{"line":68,"column":6},"end":{"line":68,"column":13}},"27":{"start":{"line":70,"column":4},"end":{"line":70,"column":25}},"28":{"start":{"line":71,"column":4},"end":{"line":71,"column":26}},"29":{"start":{"line":72,"column":4},"end":{"line":72,"column":24}},"30":{"start":{"line":73,"column":4},"end":{"line":73,"column":21}},"31":{"start":{"line":75,"column":18},"end":{"line":75,"column":53}},"32":{"start":{"line":76,"column":4},"end":{"line":76,"column":33}},"33":{"start":{"line":77,"column":17},"end":{"line":91,"column":5}},"34":{"start":{"line":92,"column":4},"end":{"line":92,"column":22}},"35":{"start":{"line":93,"column":4},"end":{"line":111,"column":5}},"36":{"start":{"line":94,"column":18},"end":{"line":94,"column":35}},"37":{"start":{"line":95,"column":6},"end":{"line":95,"column":50}},"38":{"start":{"line":96,"column":6},"end":{"line":101,"column":9}},"39":{"start":{"line":103,"column":18},"end":{"line":103,"column":35}},"40":{"start":{"line":104,"column":6},"end":{"line":109,"column":9}},"41":{"start":{"line":114,"column":2},"end":{"line":183,"column":4}},"42":{"start":{"line":121,"column":25},"end":{"line":121,"column":57}},"43":{"start":{"line":146,"column":31},"end":{"line":146,"column":43}},"44":{"start":{"line":158,"column":31},"end":{"line":158,"column":48}}},"fnMap":{"0":{"name":"Transfer","decl":{"start":{"line":25,"column":24},"end":{"line":25,"column":32}},"loc":{"start":{"line":25,"column":35},"end":{"line":184,"column":1}},"line":25},"1":{"name":"(anonymous_1)","decl":{"start":{"line":36,"column":20},"end":{"line":36,"column":21}},"loc":{"start":{"line":36,"column":32},"end":{"line":52,"column":3}},"line":36},"2":{"name":"(anonymous_2)","decl":{"start":{"line":53,"column":12},"end":{"line":53,"column":13}},"loc":{"start":{"line":53,"column":18},"end":{"line":55,"column":3}},"line":53},"3":{"name":"(anonymous_3)","decl":{"start":{"line":57,"column":23},"end":{"line":57,"column":24}},"loc":{"start":{"line":57,"column":35},"end":{"line":112,"column":3}},"line":57},"4":{"name":"(anonymous_4)","decl":{"start":{"line":121,"column":19},"end":{"line":121,"column":20}},"loc":{"start":{"line":121,"column":25},"end":{"line":121,"column":57}},"line":121},"5":{"name":"(anonymous_5)","decl":{"start":{"line":146,"column":26},"end":{"line":146,"column":27}},"loc":{"start":{"line":146,"column":31},"end":{"line":146,"column":43}},"line":146},"6":{"name":"(anonymous_6)","decl":{"start":{"line":158,"column":26},"end":{"line":158,"column":27}},"loc":{"start":{"line":158,"column":31},"end":{"line":158,"column":48}},"line":158}},"branchMap":{"0":{"loc":{"start":{"line":48,"column":4},"end":{"line":51,"column":5}},"type":"if","locations":[{"start":{"line":48,"column":4},"end":{"line":51,"column":5}},{"start":{},"end":{}}],"line":48},"1":{"loc":{"start":{"line":58,"column":4},"end":{"line":69,"column":5}},"type":"if","locations":[{"start":{"line":58,"column":4},"end":{"line":69,"column":5}},{"start":{},"end":{}}],"line":58},"2":{"loc":{"start":{"line":58,"column":8},"end":{"line":58,"column":41}},"type":"binary-expr","locations":[{"start":{"line":58,"column":8},"end":{"line":58,"column":14}},{"start":{"line":58,"column":18},"end":{"line":58,"column":25}},{"start":{"line":58,"column":29},"end":{"line":58,"column":41}}],"line":58},"3":{"loc":{"start":{"line":59,"column":6},"end":{"line":61,"column":7}},"type":"if","locations":[{"start":{"line":59,"column":6},"end":{"line":61,"column":7}},{"start":{},"end":{}}],"line":59},"4":{"loc":{"start":{"line":62,"column":6},"end":{"line":64,"column":7}},"type":"if","locations":[{"start":{"line":62,"column":6},"end":{"line":64,"column":7}},{"start":{},"end":{}}],"line":62},"5":{"loc":{"start":{"line":65,"column":6},"end":{"line":67,"column":7}},"type":"if","locations":[{"start":{"line":65,"column":6},"end":{"line":67,"column":7}},{"start":{},"end":{}}],"line":65},"6":{"loc":{"start":{"line":93,"column":4},"end":{"line":111,"column":5}},"type":"if","locations":[{"start":{"line":93,"column":4},"end":{"line":111,"column":5}},{"start":{"line":102,"column":11},"end":{"line":111,"column":5}}],"line":93},"7":{"loc":{"start":{"line":117,"column":18},"end":{"line":117,"column":64}},"type":"cond-expr","locations":[{"start":{"line":117,"column":42},"end":{"line":117,"column":51}},{"start":{"line":117,"column":54},"end":{"line":117,"column":64}}],"line":117},"8":{"loc":{"start":{"line":137,"column":11},"end":{"line":139,"column":11}},"type":"binary-expr","locations":[{"start":{"line":137,"column":11},"end":{"line":137,"column":21}},{"start":{"line":138,"column":12},"end":{"line":138,"column":70}}],"line":137},"9":{"loc":{"start":{"line":150,"column":11},"end":{"line":152,"column":11}},"type":"binary-expr","locations":[{"start":{"line":150,"column":11},"end":{"line":150,"column":22}},{"start":{"line":151,"column":12},"end":{"line":151,"column":66}}],"line":150},"10":{"loc":{"start":{"line":164,"column":11},"end":{"line":166,"column":11}},"type":"binary-expr","locations":[{"start":{"line":164,"column":11},"end":{"line":164,"column":20}},{"start":{"line":165,"column":12},"end":{"line":165,"column":71}}],"line":164},"11":{"loc":{"start":{"line":171,"column":10},"end":{"line":173,"column":29}},"type":"cond-expr","locations":[{"start":{"line":172,"column":14},"end":{"line":172,"column":35}},{"start":{"line":173,"column":14},"end":{"line":173,"column":29}}],"line":171},"12":{"loc":{"start":{"line":171,"column":10},"end":{"line":171,"column":40}},"type":"binary-expr","locations":[{"start":{"line":171,"column":10},"end":{"line":171,"column":15}},{"start":{"line":171,"column":19},"end":{"line":171,"column":25}},{"start":{"line":171,"column":29},"end":{"line":171,"column":40}}],"line":171},"13":{"loc":{"start":{"line":179,"column":11},"end":{"line":179,"column":47}},"type":"cond-expr","locations":[{"start":{"line":179,"column":21},"end":{"line":179,"column":30}},{"start":{"line":179,"column":33},"end":{"line":179,"column":47}}],"line":179}},"s":{"0":1,"1":0,"2":0,"3":0,"4":0,"5":0,"6":0,"7":0,"8":0,"9":0,"10":0,"11":0,"12":0,"13":0,"14":0,"15":0,"16":0,"17":0,"18":0,"19":0,"20":0,"21":0,"22":0,"23":0,"24":0,"25":0,"26":0,"27":0,"28":0,"29":0,"30":0,"31":0,"32":0,"33":0,"34":0,"35":0,"36":0,"37":0,"38":0,"39":0,"40":0,"41":0,"42":0,"43":0,"44":0},"f":{"0":0,"1":0,"2":0,"3":0,"4":0,"5":0,"6":0},"b":{"0":[0,0],"1":[0,0],"2":[0,0,0],"3":[0,0],"4":[0,0],"5":[0,0],"6":[0,0],"7":[0,0],"8":[0,0],"9":[0,0],"10":[0,0],"11":[0,0],"12":[0,0,0],"13":[0,0]},"_coverageSchema":"1a1c01bbd47fc00a2c39e90264f33305004495a9","hash":"f5869d9ad1cd3f4466c5fc9e152dd706ad170a1d"}
,"/Users/chendol/Native/OCBC/src/Utils/useFormat.js": {"path":"/Users/chendol/Native/OCBC/src/Utils/useFormat.js","statementMap":{"0":{"start":{"line":1,"column":25},"end":{"line":5,"column":1}},"1":{"start":{"line":2,"column":2},"end":{"line":4,"column":41}}},"fnMap":{"0":{"name":"(anonymous_0)","decl":{"start":{"line":1,"column":25},"end":{"line":1,"column":26}},"loc":{"start":{"line":1,"column":30},"end":{"line":5,"column":1}},"line":1}},"branchMap":{},"s":{"0":1,"1":0},"f":{"0":0},"b":{},"_coverageSchema":"1a1c01bbd47fc00a2c39e90264f33305004495a9","hash":"9418856bc12671fe22e12dab0384088c458dbe0d"}
}
