TN:
SF:src/styles.tsx
FNF:0
FNH:0
DA:3,3
LF:1
LH:1
BRF:0
BRH:0
end_of_record
TN:
SF:src/Components/Card.tsx
FN:15,Card
FNF:1
FNH:1
FNDA:4,Card
DA:4,2
DA:22,4
DA:23,4
LF:3
LH:3
BRDA:32,0,0,4
BRDA:32,0,1,0
BRF:2
BRH:1
end_of_record
TN:
SF:src/Components/Curve.tsx
FN:5,Curve
FNF:1
FNH:1
FNDA:7,Curve
DA:6,7
DA:7,7
DA:25,2
LF:3
LH:3
BRDA:5,0,0,0
BRF:1
BRH:0
end_of_record
TN:
SF:src/Components/CurveBottom.tsx
FN:5,CurveBottom
FNF:1
FNH:1
FNDA:7,CurveBottom
DA:6,7
DA:7,7
DA:25,2
LF:3
LH:3
BRDA:5,0,0,0
BRF:1
BRH:0
end_of_record
TN:
SF:src/Components/Dropdown.js
FN:12,(anonymous_0)
FN:18,(anonymous_1)
FN:22,(anonymous_2)
FN:23,(anonymous_3)
FN:29,(anonymous_4)
FN:35,(anonymous_5)
FN:38,(anonymous_6)
FN:45,(anonymous_7)
FN:54,(anonymous_8)
FN:60,(anonymous_9)
FNF:10
FNH:8
FNDA:13,(anonymous_0)
FNDA:2,(anonymous_1)
FNDA:2,(anonymous_2)
FNDA:0,(anonymous_3)
FNDA:1,(anonymous_4)
FNDA:2,(anonymous_5)
FNDA:1,(anonymous_6)
FNDA:13,(anonymous_7)
FNDA:0,(anonymous_8)
FNDA:2,(anonymous_9)
DA:12,1
DA:13,13
DA:14,13
DA:15,13
DA:16,13
DA:18,13
DA:19,2
DA:22,13
DA:23,2
DA:24,0
DA:26,2
DA:29,13
DA:30,1
DA:31,1
DA:32,1
DA:35,13
DA:36,2
DA:38,1
DA:45,13
DA:46,13
DA:54,0
DA:60,2
DA:68,13
DA:83,1
LF:24
LH:22
BRDA:19,0,0,0
BRDA:19,0,1,2
BRDA:76,1,0,13
BRDA:76,1,1,4
BRDA:76,1,2,9
BRF:5
BRH:4
end_of_record
TN:
SF:src/Components/FloatButton.tsx
FN:5,FloatButton
FNF:1
FNH:1
FNDA:7,FloatButton
DA:3,2
DA:16,7
LF:2
LH:2
BRDA:8,0,0,7
BRDA:9,1,0,7
BRDA:20,2,0,0
BRDA:20,2,1,7
BRDA:24,3,0,0
BRDA:24,3,1,7
BRF:6
BRH:4
end_of_record
TN:
SF:src/Components/Login.tsx
FN:17,Login
FN:35,(anonymous_1)
FN:36,(anonymous_2)
FN:43,(anonymous_3)
FN:110,(anonymous_4)
FN:111,(anonymous_5)
FN:113,(anonymous_6)
FN:130,(anonymous_7)
FN:140,(anonymous_8)
FN:141,(anonymous_9)
FN:143,(anonymous_10)
FNF:11
FNH:6
FNDA:6,Login
FNDA:2,(anonymous_1)
FNDA:2,(anonymous_2)
FNDA:2,(anonymous_3)
FNDA:0,(anonymous_4)
FNDA:0,(anonymous_5)
FNDA:1,(anonymous_6)
FNDA:0,(anonymous_7)
FNDA:0,(anonymous_8)
FNDA:0,(anonymous_9)
FNDA:1,(anonymous_10)
DA:15,1
DA:26,6
DA:27,6
DA:28,6
DA:29,6
DA:31,6
DA:32,6
DA:33,6
DA:35,6
DA:36,2
DA:37,2
DA:38,0
DA:43,6
DA:44,2
DA:45,1
DA:46,1
DA:48,1
DA:49,1
DA:51,1
DA:53,1
DA:54,1
DA:55,1
DA:56,1
DA:57,1
DA:71,1
DA:72,1
DA:73,1
DA:74,1
DA:75,1
DA:76,0
DA:79,1
DA:81,0
DA:82,0
DA:83,0
DA:84,0
DA:88,0
DA:89,0
DA:90,0
DA:91,0
DA:96,6
DA:110,0
DA:111,0
DA:113,1
DA:130,0
DA:140,0
DA:141,0
DA:143,1
LF:47
LH:32
BRDA:37,0,0,0
BRDA:37,0,1,2
BRDA:44,1,0,1
BRDA:44,1,1,1
BRDA:44,2,0,2
BRDA:44,2,1,1
BRDA:45,3,0,1
BRDA:45,3,1,0
BRDA:48,4,0,1
BRDA:48,4,1,0
BRDA:71,5,0,1
BRDA:71,5,1,0
BRDA:75,6,0,0
BRDA:75,6,1,1
BRDA:83,7,0,0
BRDA:83,7,1,0
BRDA:90,8,0,0
BRDA:90,8,1,0
BRDA:119,9,0,6
BRDA:119,9,1,1
BRDA:132,10,0,0
BRDA:132,10,1,6
BRDA:150,11,0,6
BRDA:150,11,1,1
BRDA:163,12,0,1
BRDA:163,12,1,5
BRF:26
BRH:16
end_of_record
TN:
SF:src/Components/Register.tsx
FN:17,Register
FN:44,(anonymous_1)
FN:131,(anonymous_2)
FN:132,(anonymous_3)
FN:133,(anonymous_4)
FN:150,(anonymous_5)
FN:160,(anonymous_6)
FN:161,(anonymous_7)
FN:163,(anonymous_8)
FN:182,(anonymous_9)
FN:192,(anonymous_10)
FN:193,(anonymous_11)
FN:194,(anonymous_12)
FNF:13
FNH:5
FNDA:7,Register
FNDA:2,(anonymous_1)
FNDA:1,(anonymous_2)
FNDA:0,(anonymous_3)
FNDA:0,(anonymous_4)
FNDA:0,(anonymous_5)
FNDA:0,(anonymous_6)
FNDA:0,(anonymous_7)
FNDA:1,(anonymous_8)
FNDA:0,(anonymous_9)
FNDA:0,(anonymous_10)
FNDA:0,(anonymous_11)
FNDA:1,(anonymous_12)
DA:15,1
DA:28,7
DA:30,7
DA:31,7
DA:32,7
DA:34,7
DA:35,7
DA:37,7
DA:38,7
DA:39,7
DA:40,7
DA:42,7
DA:44,7
DA:45,2
DA:51,1
DA:52,1
DA:54,0
DA:56,1
DA:57,1
DA:59,0
DA:61,1
DA:62,1
DA:64,0
DA:66,1
DA:67,0
DA:69,1
DA:72,1
DA:75,1
DA:76,1
DA:77,1
DA:78,1
DA:79,1
DA:81,1
DA:82,1
DA:96,1
DA:97,1
DA:98,1
DA:99,1
DA:100,1
DA:101,0
DA:103,1
DA:105,0
DA:106,0
DA:107,0
DA:108,0
DA:116,7
DA:131,1
DA:132,0
DA:133,0
DA:150,0
DA:160,0
DA:161,0
DA:163,1
DA:182,0
DA:192,0
DA:193,0
DA:194,1
LF:57
LH:40
BRDA:45,0,0,1
BRDA:45,0,1,1
BRDA:46,1,0,2
BRDA:46,1,1,1
BRDA:46,1,2,1
BRDA:46,1,3,1
BRDA:51,2,0,1
BRDA:51,2,1,0
BRDA:56,3,0,1
BRDA:56,3,1,0
BRDA:61,4,0,1
BRDA:61,4,1,0
BRDA:66,5,0,0
BRDA:66,5,1,1
BRDA:96,6,0,1
BRDA:96,6,1,0
BRDA:100,7,0,0
BRDA:100,7,1,1
BRDA:107,8,0,0
BRDA:107,8,1,0
BRDA:139,9,0,7
BRDA:139,9,1,1
BRDA:152,10,0,0
BRDA:152,10,1,7
BRDA:170,11,0,7
BRDA:170,11,1,1
BRDA:184,12,0,0
BRDA:184,12,1,7
BRDA:202,13,0,7
BRDA:202,13,1,1
BRDA:207,14,0,7
BRDA:207,14,1,0
BRDA:219,15,0,1
BRDA:219,15,1,6
BRF:34
BRH:23
end_of_record
TN:
SF:src/Images/Transfer.js
FN:5,SvgComponent
FNF:1
FNH:1
FNDA:11,SvgComponent
DA:6,11
LF:1
LH:1
BRF:0
BRH:0
end_of_record
TN:
SF:src/Pages/Dashboard.tsx
FN:40,Dashboard
FN:51,(anonymous_1)
FN:59,(anonymous_2)
FN:60,(anonymous_3)
FN:79,(anonymous_4)
FN:80,(anonymous_5)
FN:95,(anonymous_6)
FN:96,(anonymous_7)
FN:103,(anonymous_8)
FN:107,(anonymous_9)
FN:114,(anonymous_10)
FN:146,(anonymous_11)
FN:172,(anonymous_12)
FN:180,(anonymous_13)
FN:188,(anonymous_14)
FN:194,(anonymous_15)
FN:200,(anonymous_16)
FN:201,(anonymous_17)
FN:256,(anonymous_18)
FN:266,(anonymous_19)
FN:267,(anonymous_20)
FN:275,(anonymous_21)
FN:284,(anonymous_22)
FNF:23
FNH:13
FNDA:16,Dashboard
FNDA:3,(anonymous_1)
FNDA:3,(anonymous_2)
FNDA:3,(anonymous_3)
FNDA:3,(anonymous_4)
FNDA:3,(anonymous_5)
FNDA:3,(anonymous_6)
FNDA:3,(anonymous_7)
FNDA:0,(anonymous_8)
FNDA:3,(anonymous_9)
FNDA:0,(anonymous_10)
FNDA:0,(anonymous_11)
FNDA:4,(anonymous_12)
FNDA:1,(anonymous_13)
FNDA:4,(anonymous_14)
FNDA:1,(anonymous_15)
FNDA:0,(anonymous_16)
FNDA:0,(anonymous_17)
FNDA:0,(anonymous_18)
FNDA:0,(anonymous_19)
FNDA:0,(anonymous_20)
FNDA:0,(anonymous_21)
FNDA:0,(anonymous_22)
DA:23,2
DA:41,16
DA:42,16
DA:43,16
DA:44,16
DA:45,16
DA:46,16
DA:47,16
DA:48,16
DA:49,16
DA:51,16
DA:52,3
DA:54,3
DA:59,3
DA:61,3
DA:62,3
DA:63,3
DA:64,3
DA:66,0
DA:67,0
DA:69,0
DA:70,0
DA:74,3
DA:79,3
DA:81,3
DA:82,3
DA:83,3
DA:84,3
DA:86,0
DA:87,0
DA:89,0
DA:90,0
DA:95,16
DA:96,3
DA:97,3
DA:98,0
DA:101,3
DA:103,3
DA:104,0
DA:107,3
DA:108,3
DA:109,3
DA:110,3
DA:114,16
DA:115,0
DA:120,0
DA:123,16
DA:124,6
DA:132,10
DA:146,0
DA:174,4
DA:177,4
DA:181,1
DA:188,4
DA:194,1
DA:200,0
DA:201,0
DA:257,0
DA:266,0
DA:267,0
DA:277,0
DA:278,0
DA:285,0
LF:63
LH:42
BRDA:61,0,0,3
BRDA:61,0,1,0
BRDA:66,1,0,0
BRDA:66,1,1,0
BRDA:81,2,0,3
BRDA:81,2,1,0
BRDA:86,3,0,0
BRDA:86,3,1,0
BRDA:97,4,0,0
BRDA:97,4,1,3
BRDA:116,5,0,0
BRDA:116,5,1,0
BRDA:123,6,0,6
BRDA:123,6,1,10
BRDA:174,7,0,0
BRDA:174,7,1,4
BRDA:199,8,0,1
BRDA:199,8,1,9
BRF:18
BRH:8
end_of_record
TN:
SF:src/Pages/Transfer.tsx
FN:25,Transfer
FN:36,(anonymous_1)
FN:44,(anonymous_2)
FN:45,(anonymous_3)
FN:50,(anonymous_4)
FN:54,(anonymous_5)
FN:121,(anonymous_6)
FN:149,(anonymous_7)
FN:164,(anonymous_8)
FNF:9
FNH:8
FNDA:12,Transfer
FNDA:3,(anonymous_1)
FNDA:3,(anonymous_2)
FNDA:3,(anonymous_3)
FNDA:3,(anonymous_4)
FNDA:3,(anonymous_5)
FNDA:0,(anonymous_6)
FNDA:1,(anonymous_7)
FNDA:1,(anonymous_8)
DA:17,1
DA:26,12
DA:27,12
DA:28,12
DA:29,12
DA:30,12
DA:31,12
DA:32,12
DA:33,12
DA:34,12
DA:36,12
DA:37,3
DA:39,3
DA:44,3
DA:46,3
DA:47,3
DA:50,12
DA:51,3
DA:54,12
DA:55,3
DA:56,2
DA:57,2
DA:59,2
DA:60,2
DA:62,2
DA:63,2
DA:65,2
DA:67,1
DA:68,1
DA:69,1
DA:70,1
DA:72,1
DA:74,1
DA:89,1
DA:90,1
DA:91,1
DA:92,0
DA:94,1
DA:101,0
DA:102,0
DA:103,0
DA:105,0
DA:114,12
DA:121,0
DA:149,1
DA:164,1
LF:46
LH:40
BRDA:55,0,0,2
BRDA:55,0,1,1
BRDA:55,1,0,3
BRDA:55,1,1,1
BRDA:55,1,2,1
BRDA:56,2,0,2
BRDA:56,2,1,0
BRDA:59,3,0,2
BRDA:59,3,1,0
BRDA:62,4,0,2
BRDA:62,4,1,0
BRDA:89,5,0,1
BRDA:89,5,1,0
BRDA:91,6,0,0
BRDA:91,6,1,1
BRDA:102,7,0,0
BRDA:102,7,1,0
BRDA:117,8,0,12
BRDA:117,8,1,0
BRDA:137,9,0,12
BRDA:137,9,1,3
BRDA:153,10,0,12
BRDA:153,10,1,3
BRDA:170,11,0,12
BRDA:170,11,1,3
BRDA:180,12,0,2
BRDA:180,12,1,10
BRDA:180,13,0,12
BRDA:180,13,1,4
BRDA:180,13,2,3
BRDA:188,14,0,1
BRDA:188,14,1,11
BRF:32
BRH:24
end_of_record
TN:
SF:src/Utils/useFormat.js
FN:1,(anonymous_0)
FNF:1
FNH:1
FNDA:24,(anonymous_0)
DA:1,2
DA:2,24
LF:2
LH:2
BRF:0
BRH:0
end_of_record
