TN:
SF:App.tsx
FN:32,App
FNF:1
FNH:0
FNDA:0,App
DA:31,1
DA:33,0
LF:2
LH:1
BRF:0
BRH:0
end_of_record
TN:
SF:src/styles.tsx
FNF:0
FNH:0
DA:3,1
LF:1
LH:1
BRF:0
BRH:0
end_of_record
TN:
SF:src/Components/Card.tsx
FN:15,Card
FNF:1
FNH:0
FNDA:0,Card
DA:4,1
DA:22,0
DA:23,0
LF:3
LH:1
BRDA:32,0,0,0
BRDA:32,0,1,0
BRF:2
BRH:0
end_of_record
TN:
SF:src/Components/Curve.tsx
FN:5,Curve
FNF:1
FNH:1
FNDA:3,Curve
DA:7,3
DA:8,3
DA:29,1
LF:3
LH:3
BRDA:5,0,0,3
BRF:1
BRH:1
end_of_record
TN:
SF:src/Components/CurveBottom.tsx
FN:5,CurveBottom
FNF:1
FNH:1
FNDA:3,CurveBottom
DA:7,3
DA:8,3
DA:29,1
LF:3
LH:3
BRDA:5,0,0,3
BRF:1
BRH:1
end_of_record
TN:
SF:src/Components/Dropdown.js
FN:12,(anonymous_0)
FN:18,(anonymous_1)
FN:22,(anonymous_2)
FN:23,(anonymous_3)
FN:29,(anonymous_4)
FN:35,(anonymous_5)
FN:36,(anonymous_6)
FN:42,(anonymous_7)
FN:47,(anonymous_8)
FN:52,(anonymous_9)
FNF:10
FNH:0
FNDA:0,(anonymous_0)
FNDA:0,(anonymous_1)
FNDA:0,(anonymous_2)
FNDA:0,(anonymous_3)
FNDA:0,(anonymous_4)
FNDA:0,(anonymous_5)
FNDA:0,(anonymous_6)
FNDA:0,(anonymous_7)
FNDA:0,(anonymous_8)
FNDA:0,(anonymous_9)
DA:12,1
DA:13,0
DA:14,0
DA:15,0
DA:16,0
DA:18,0
DA:19,0
DA:22,0
DA:23,0
DA:24,0
DA:26,0
DA:29,0
DA:30,0
DA:31,0
DA:32,0
DA:35,0
DA:36,0
DA:42,0
DA:43,0
DA:47,0
DA:52,0
DA:60,0
DA:74,1
LF:23
LH:2
BRDA:19,0,0,0
BRDA:19,0,1,0
BRDA:67,1,0,0
BRDA:67,1,1,0
BRDA:67,1,2,0
BRF:5
BRH:0
end_of_record
TN:
SF:src/Components/FloatButton.tsx
FN:7,FloatButton
FNF:1
FNH:0
FNDA:0,FloatButton
DA:5,1
DA:18,0
LF:2
LH:1
BRDA:10,0,0,0
BRDA:11,1,0,0
BRDA:22,2,0,0
BRDA:22,2,1,0
BRDA:26,3,0,0
BRDA:26,3,1,0
BRF:6
BRH:0
end_of_record
TN:
SF:src/Components/Login.tsx
FN:18,Login
FN:36,(anonymous_1)
FN:37,(anonymous_2)
FN:44,(anonymous_3)
FN:108,(anonymous_4)
FN:109,(anonymous_5)
FN:111,(anonymous_6)
FN:128,(anonymous_7)
FN:138,(anonymous_8)
FN:139,(anonymous_9)
FN:141,(anonymous_10)
FNF:11
FNH:4
FNDA:4,Login
FNDA:3,(anonymous_1)
FNDA:3,(anonymous_2)
FNDA:1,(anonymous_3)
FNDA:0,(anonymous_4)
FNDA:0,(anonymous_5)
FNDA:0,(anonymous_6)
FNDA:0,(anonymous_7)
FNDA:0,(anonymous_8)
FNDA:0,(anonymous_9)
FNDA:0,(anonymous_10)
DA:16,1
DA:27,4
DA:28,4
DA:29,4
DA:30,4
DA:32,4
DA:33,4
DA:34,4
DA:36,4
DA:37,3
DA:38,3
DA:39,0
DA:44,4
DA:45,1
DA:46,1
DA:47,1
DA:49,1
DA:50,1
DA:52,1
DA:54,0
DA:55,0
DA:56,0
DA:57,0
DA:58,0
DA:72,0
DA:73,0
DA:74,0
DA:75,0
DA:76,0
DA:77,0
DA:78,0
DA:79,0
DA:80,0
DA:82,0
DA:83,0
DA:85,0
DA:88,0
DA:89,0
DA:90,0
DA:94,4
DA:108,0
DA:109,0
DA:111,0
DA:128,0
DA:138,0
DA:139,0
DA:141,0
LF:47
LH:19
BRDA:38,0,0,0
BRDA:38,0,1,3
BRDA:45,1,0,1
BRDA:45,1,1,0
BRDA:45,2,0,1
BRDA:45,2,1,0
BRDA:46,3,0,1
BRDA:46,3,1,0
BRDA:49,4,0,1
BRDA:49,4,1,0
BRDA:72,5,0,0
BRDA:72,5,1,0
BRDA:117,6,0,4
BRDA:117,6,1,1
BRDA:130,7,0,0
BRDA:130,7,1,4
BRDA:147,8,0,4
BRDA:147,8,1,1
BRDA:160,9,0,0
BRDA:160,9,1,4
BRF:20
BRH:11
end_of_record
TN:
SF:src/Components/Register.tsx
FN:16,Register
FN:43,(anonymous_1)
FN:129,(anonymous_2)
FN:130,(anonymous_3)
FN:131,(anonymous_4)
FN:146,(anonymous_5)
FN:156,(anonymous_6)
FN:157,(anonymous_7)
FN:159,(anonymous_8)
FN:176,(anonymous_9)
FN:186,(anonymous_10)
FN:187,(anonymous_11)
FN:188,(anonymous_12)
FNF:13
FNH:2
FNDA:3,Register
FNDA:1,(anonymous_1)
FNDA:0,(anonymous_2)
FNDA:0,(anonymous_3)
FNDA:0,(anonymous_4)
FNDA:0,(anonymous_5)
FNDA:0,(anonymous_6)
FNDA:0,(anonymous_7)
FNDA:0,(anonymous_8)
FNDA:0,(anonymous_9)
FNDA:0,(anonymous_10)
FNDA:0,(anonymous_11)
FNDA:0,(anonymous_12)
DA:14,1
DA:27,3
DA:29,3
DA:30,3
DA:31,3
DA:33,3
DA:34,3
DA:36,3
DA:37,3
DA:38,3
DA:39,3
DA:41,3
DA:43,3
DA:44,1
DA:50,1
DA:51,1
DA:53,0
DA:55,1
DA:56,1
DA:58,0
DA:60,1
DA:61,1
DA:63,0
DA:65,1
DA:66,0
DA:68,1
DA:71,1
DA:74,0
DA:75,0
DA:76,0
DA:77,0
DA:78,0
DA:80,0
DA:81,0
DA:95,0
DA:96,0
DA:97,0
DA:98,0
DA:99,0
DA:100,0
DA:101,0
DA:102,0
DA:103,0
DA:105,0
DA:106,0
DA:107,0
DA:114,3
DA:129,0
DA:130,0
DA:131,0
DA:146,0
DA:156,0
DA:157,0
DA:159,0
DA:176,0
DA:186,0
DA:187,0
DA:188,0
LF:58
LH:24
BRDA:44,0,0,1
BRDA:44,0,1,0
BRDA:45,1,0,1
BRDA:45,1,1,0
BRDA:45,1,2,0
BRDA:45,1,3,0
BRDA:50,2,0,1
BRDA:50,2,1,0
BRDA:55,3,0,1
BRDA:55,3,1,0
BRDA:60,4,0,1
BRDA:60,4,1,0
BRDA:65,5,0,0
BRDA:65,5,1,1
BRDA:95,6,0,0
BRDA:95,6,1,0
BRDA:137,7,0,3
BRDA:137,7,1,1
BRDA:148,8,0,0
BRDA:148,8,1,3
BRDA:166,9,0,3
BRDA:166,9,1,1
BRDA:178,10,0,0
BRDA:178,10,1,3
BRDA:196,11,0,3
BRDA:196,11,1,1
BRDA:199,12,0,3
BRDA:199,12,1,0
BRDA:211,13,0,0
BRDA:211,13,1,3
BRF:30
BRH:16
end_of_record
TN:
SF:src/Images/Transfer.js
FN:5,SvgComponent
FNF:1
FNH:0
FNDA:0,SvgComponent
DA:6,0
LF:1
LH:0
BRF:0
BRH:0
end_of_record
TN:
SF:src/Images/ocbc.png
FNF:0
FNH:0
DA:1,1
LF:1
LH:1
BRF:0
BRH:0
end_of_record
TN:
SF:src/Pages/Auth.tsx
FN:11,Auth
FN:26,(anonymous_1)
FN:34,(anonymous_2)
FNF:3
FNH:3
FNDA:3,Auth
FNDA:1,(anonymous_1)
FNDA:1,(anonymous_2)
DA:8,1
DA:9,1
DA:12,3
DA:13,3
DA:15,3
DA:26,1
DA:34,1
LF:7
LH:7
BRDA:17,0,0,0
BRDA:17,0,1,3
BRDA:25,1,0,2
BRDA:25,1,1,1
BRDA:27,2,0,2
BRDA:27,2,1,1
BRDA:33,3,0,1
BRDA:33,3,1,2
BRDA:36,4,0,1
BRDA:36,4,1,2
BRDA:42,5,0,2
BRDA:42,5,1,1
BRF:12
BRH:11
end_of_record
TN:
SF:src/Pages/Dashboard.tsx
FN:39,Dashboard
FN:50,(anonymous_1)
FN:67,(anonymous_2)
FN:82,(anonymous_3)
FN:83,(anonymous_4)
FN:91,(anonymous_5)
FN:95,(anonymous_6)
FN:102,(anonymous_7)
FN:129,(anonymous_8)
FN:150,(anonymous_9)
FN:157,(anonymous_10)
FN:165,(anonymous_11)
FN:170,(anonymous_12)
FN:176,(anonymous_13)
FN:177,(anonymous_14)
FN:231,(anonymous_15)
FN:241,(anonymous_16)
FN:242,(anonymous_17)
FN:250,(anonymous_18)
FN:259,(anonymous_19)
FNF:20
FNH:0
FNDA:0,Dashboard
FNDA:0,(anonymous_1)
FNDA:0,(anonymous_2)
FNDA:0,(anonymous_3)
FNDA:0,(anonymous_4)
FNDA:0,(anonymous_5)
FNDA:0,(anonymous_6)
FNDA:0,(anonymous_7)
FNDA:0,(anonymous_8)
FNDA:0,(anonymous_9)
FNDA:0,(anonymous_10)
FNDA:0,(anonymous_11)
FNDA:0,(anonymous_12)
FNDA:0,(anonymous_13)
FNDA:0,(anonymous_14)
FNDA:0,(anonymous_15)
FNDA:0,(anonymous_16)
FNDA:0,(anonymous_17)
FNDA:0,(anonymous_18)
FNDA:0,(anonymous_19)
DA:22,1
DA:40,0
DA:41,0
DA:42,0
DA:43,0
DA:44,0
DA:45,0
DA:46,0
DA:47,0
DA:48,0
DA:50,0
DA:51,0
DA:52,0
DA:53,0
DA:66,0
DA:67,0
DA:69,0
DA:70,0
DA:72,0
DA:73,0
DA:74,0
DA:76,0
DA:78,0
DA:82,0
DA:83,0
DA:84,0
DA:85,0
DA:89,0
DA:91,0
DA:92,0
DA:95,0
DA:96,0
DA:97,0
DA:98,0
DA:102,0
DA:103,0
DA:108,0
DA:111,0
DA:112,0
DA:115,0
DA:129,0
DA:152,0
DA:155,0
DA:158,0
DA:165,0
DA:170,0
DA:176,0
DA:177,0
DA:232,0
DA:241,0
DA:242,0
DA:252,0
DA:253,0
DA:260,0
LF:54
LH:1
BRDA:66,0,0,0
BRDA:66,0,1,0
BRDA:66,1,0,0
BRDA:66,1,1,0
BRDA:84,2,0,0
BRDA:84,2,1,0
BRDA:104,3,0,0
BRDA:104,3,1,0
BRDA:111,4,0,0
BRDA:111,4,1,0
BRDA:152,5,0,0
BRDA:152,5,1,0
BRDA:175,6,0,0
BRDA:175,6,1,0
BRF:14
BRH:0
end_of_record
TN:
SF:src/Pages/Failed.tsx
FN:6,Failed
FN:42,(anonymous_1)
FN:47,(anonymous_2)
FNF:3
FNH:0
FNDA:0,Failed
FNDA:0,(anonymous_1)
FNDA:0,(anonymous_2)
DA:4,1
DA:7,0
DA:8,0
DA:42,0
DA:47,0
LF:5
LH:1
BRF:0
BRH:0
end_of_record
TN:
SF:src/Pages/Success.tsx
FN:6,Success
FN:42,(anonymous_1)
FN:47,(anonymous_2)
FNF:3
FNH:0
FNDA:0,Success
FNDA:0,(anonymous_1)
FNDA:0,(anonymous_2)
DA:4,1
DA:7,0
DA:8,0
DA:42,0
DA:47,0
LF:5
LH:1
BRF:0
BRH:0
end_of_record
TN:
SF:src/Pages/Transfer.tsx
FN:26,Transfer
FN:37,(anonymous_1)
FN:54,(anonymous_2)
FN:58,(anonymous_3)
FN:122,(anonymous_4)
FN:147,(anonymous_5)
FN:159,(anonymous_6)
FNF:7
FNH:0
FNDA:0,Transfer
FNDA:0,(anonymous_1)
FNDA:0,(anonymous_2)
FNDA:0,(anonymous_3)
FNDA:0,(anonymous_4)
FNDA:0,(anonymous_5)
FNDA:0,(anonymous_6)
DA:18,1
DA:27,0
DA:28,0
DA:29,0
DA:30,0
DA:31,0
DA:32,0
DA:33,0
DA:34,0
DA:35,0
DA:37,0
DA:38,0
DA:40,0
DA:49,0
DA:50,0
DA:51,0
DA:54,0
DA:55,0
DA:58,0
DA:59,0
DA:60,0
DA:61,0
DA:63,0
DA:64,0
DA:66,0
DA:67,0
DA:69,0
DA:71,0
DA:72,0
DA:73,0
DA:74,0
DA:76,0
DA:77,0
DA:78,0
DA:93,0
DA:94,0
DA:95,0
DA:96,0
DA:97,0
DA:104,0
DA:105,0
DA:115,0
DA:122,0
DA:147,0
DA:159,0
LF:45
LH:1
BRDA:49,0,0,0
BRDA:49,0,1,0
BRDA:59,1,0,0
BRDA:59,1,1,0
BRDA:59,2,0,0
BRDA:59,2,1,0
BRDA:59,2,2,0
BRDA:60,3,0,0
BRDA:60,3,1,0
BRDA:63,4,0,0
BRDA:63,4,1,0
BRDA:66,5,0,0
BRDA:66,5,1,0
BRDA:94,6,0,0
BRDA:94,6,1,0
BRDA:118,7,0,0
BRDA:118,7,1,0
BRDA:138,8,0,0
BRDA:138,8,1,0
BRDA:151,9,0,0
BRDA:151,9,1,0
BRDA:165,10,0,0
BRDA:165,10,1,0
BRDA:172,11,0,0
BRDA:172,11,1,0
BRDA:172,12,0,0
BRDA:172,12,1,0
BRDA:172,12,2,0
BRDA:180,13,0,0
BRDA:180,13,1,0
BRF:30
BRH:0
end_of_record
TN:
SF:src/Utils/useFormat.js
FN:1,(anonymous_0)
FNF:1
FNH:0
FNDA:0,(anonymous_0)
DA:1,1
DA:2,0
LF:2
LH:1
BRF:0
BRH:0
end_of_record
